2017-06-17 08:29:39,546 INFO o.a.j.u.JMeterUtils: Setting Locale to en_US
2017-06-17 08:29:39,559 INFO o.a.j.JMeter: Loading user properties from: user.properties
2017-06-17 08:29:39,560 INFO o.a.j.JMeter: Loading system properties from: system.properties
2017-06-17 08:29:39,565 INFO o.a.j.JMeter: Copyright (c) 1998-2017 The Apache Software Foundation
2017-06-17 08:29:39,565 INFO o.a.j.JMeter: Version 3.3-SNAPSHOT
2017-06-17 08:29:39,565 INFO o.a.j.JMeter: java.version=1.8.0_131
2017-06-17 08:29:39,565 INFO o.a.j.JMeter: java.vm.name=Java HotSpot(TM) 64-Bit Server VM
2017-06-17 08:29:39,565 INFO o.a.j.JMeter: os.name=Windows 10
2017-06-17 08:29:39,565 INFO o.a.j.JMeter: os.arch=amd64
2017-06-17 08:29:39,565 INFO o.a.j.JMeter: os.version=10.0
2017-06-17 08:29:39,565 INFO o.a.j.JMeter: file.encoding=Cp1252
2017-06-17 08:29:39,566 INFO o.a.j.JMeter: Max memory     =2134376448
2017-06-17 08:29:39,566 INFO o.a.j.JMeter: Available Processors =8
2017-06-17 08:29:39,569 INFO o.a.j.JMeter: Default Locale=English (United States)
2017-06-17 08:29:39,569 INFO o.a.j.JMeter: JMeter  Locale=English (United States)
2017-06-17 08:29:39,569 INFO o.a.j.JMeter: JMeterHome=C:/gitbash/opt/eclipse/workspace/apache-jmeter
2017-06-17 08:29:39,569 INFO o.a.j.JMeter: user.dir  =C:\gitbash\opt\eclipse\workspace\apache-jmeter\bin
2017-06-17 08:29:39,569 INFO o.a.j.JMeter: PWD       =C:\gitbash\opt\eclipse\workspace\apache-jmeter\bin
2017-06-17 08:29:39,570 INFO o.a.j.JMeter: IP: 192.168.0.10 Name: plex FullName: jsnode.org
2017-06-17 08:29:40,337 INFO o.a.j.g.a.LookAndFeelCommand: Using look and feel: javax.swing.plaf.metal.MetalLookAndFeel [Metal, CrossPlatform]
2017-06-17 08:29:40,341 INFO o.a.j.JMeter: Loaded icon properties from org/apache/jmeter/images/icon.properties
2017-06-17 08:29:40,863 INFO o.a.j.e.u.CompoundVariable: Note: Function class names must contain the string: '.functions.'
2017-06-17 08:29:40,863 INFO o.a.j.e.u.CompoundVariable: Note: Function class names must not contain the string: '.gui.'
2017-06-17 08:29:41,426 INFO o.a.j.g.u.MenuFactory: Skipping org.apache.jmeter.assertions.BSFAssertion
2017-06-17 08:29:41,443 INFO o.a.j.JMeter: Loading file: HiringSample.jmx
2017-06-17 08:29:41,444 INFO o.a.j.s.FileServer: Default base='C:\gitbash\opt\eclipse\workspace\apache-jmeter\bin'
2017-06-17 08:29:41,444 INFO o.a.j.s.FileServer: Set new base='C:\gitbash\opt\eclipse\workspace\apache-jmeter\bin'
2017-06-17 08:29:41,708 INFO o.a.j.s.SaveService: Testplan (JMX) version: 2.2. Testlog (JTL) version: 2.2
2017-06-17 08:29:41,718 INFO o.a.j.s.SaveService: Using SaveService properties file encoding UTF-8
2017-06-17 08:29:41,719 INFO o.a.j.s.SaveService: Using SaveService properties version 3.2
2017-06-17 08:29:41,721 INFO o.a.j.s.SaveService: Loading file: HiringSample.jmx
2017-06-17 08:29:41,722 ERROR o.a.j.JMeter: Failure loading test file
java.io.FileNotFoundException: HiringSample.jmx (The system cannot find the file specified)
	at java.io.FileInputStream.open0(Native Method) ~[?:1.8.0_131]
	at java.io.FileInputStream.open(FileInputStream.java:195) ~[?:1.8.0_131]
	at java.io.FileInputStream.<init>(FileInputStream.java:138) ~[?:1.8.0_131]
	at org.apache.jmeter.save.SaveService.loadTree(SaveService.java:422) ~[core/:?]
	at org.apache.jmeter.JMeter.startGui(JMeter.java:386) [core/:?]
	at org.apache.jmeter.JMeter.start(JMeter.java:519) [core/:?]
	at sun.reflect.NativeMethodAccessorImpl.invoke0(Native Method) ~[?:1.8.0_131]
	at sun.reflect.NativeMethodAccessorImpl.invoke(NativeMethodAccessorImpl.java:62) ~[?:1.8.0_131]
	at sun.reflect.DelegatingMethodAccessorImpl.invoke(DelegatingMethodAccessorImpl.java:43) ~[?:1.8.0_131]
	at java.lang.reflect.Method.invoke(Method.java:498) ~[?:1.8.0_131]
	at org.apache.jmeter.NewDriver.main(NewDriver.java:248) [core/:?]
2017-06-17 08:29:41,940 INFO o.a.j.g.u.MenuFactory: Skipping org.apache.jmeter.extractor.BSFPostProcessor
2017-06-17 08:29:41,974 INFO o.a.j.g.u.MenuFactory: Skipping org.apache.jmeter.modifiers.BSFPreProcessor
2017-06-17 08:29:42,003 INFO o.a.j.p.h.s.HTTPSamplerBase: Parser for text/html is org.apache.jmeter.protocol.http.parser.LagartoBasedHtmlParser
2017-06-17 08:29:42,003 INFO o.a.j.p.h.s.HTTPSamplerBase: Parser for application/xhtml+xml is org.apache.jmeter.protocol.http.parser.LagartoBasedHtmlParser
2017-06-17 08:29:42,003 INFO o.a.j.p.h.s.HTTPSamplerBase: Parser for application/xml is org.apache.jmeter.protocol.http.parser.LagartoBasedHtmlParser
2017-06-17 08:29:42,003 INFO o.a.j.p.h.s.HTTPSamplerBase: Parser for text/xml is org.apache.jmeter.protocol.http.parser.LagartoBasedHtmlParser
2017-06-17 08:29:42,004 INFO o.a.j.p.h.s.HTTPSamplerBase: Parser for text/vnd.wap.wml is org.apache.jmeter.protocol.http.parser.RegexpHTMLParser
2017-06-17 08:29:42,004 INFO o.a.j.p.h.s.HTTPSamplerBase: Parser for text/css is org.apache.jmeter.protocol.http.parser.CssParser
2017-06-17 08:29:42,276 INFO o.a.j.e.KeyToolUtils: keytool found at 'keytool'
2017-06-17 08:29:42,277 INFO o.a.j.p.h.p.ProxyControl: HTTP(S) Test Script Recorder SSL Proxy will use keys that support embedded 3rd party resources in file C:\gitbash\opt\eclipse\workspace\apache-jmeter\bin\proxyserver.jks
2017-06-17 08:29:42,410 INFO o.a.j.g.u.MenuFactory: Skipping org.apache.jmeter.protocol.java.sampler.BSFSampler
2017-06-17 08:29:42,521 INFO o.a.j.g.u.MenuFactory: Skipping org.apache.jmeter.protocol.mongodb.config.MongoSourceElement
2017-06-17 08:29:42,521 INFO o.a.j.g.u.MenuFactory: Skipping org.apache.jmeter.protocol.mongodb.sampler.MongoScriptSampler
2017-06-17 08:29:42,765 INFO o.a.j.g.u.MenuFactory: Skipping org.apache.jmeter.timers.BSFTimer
2017-06-17 08:29:42,801 INFO o.a.j.g.u.MenuFactory: Skipping org.apache.jmeter.visualizers.BSFListener
2017-06-17 08:29:42,941 INFO o.a.j.s.SampleResult: Note: Sample TimeStamps are START times
2017-06-17 08:29:42,941 INFO o.a.j.s.SampleResult: sampleresult.default.encoding is set to ISO-8859-1
2017-06-17 08:29:42,941 INFO o.a.j.s.SampleResult: sampleresult.useNanoTime=true
2017-06-17 08:29:42,941 INFO o.a.j.s.SampleResult: sampleresult.nanoThreadSleep=5000
