2016/02/19 13:27:26 INFO  - jmeter.util.JMeterUtils: Setting Locale to en_US 
2016/02/19 13:27:26 INFO  - jmeter.JMeter: Loading user properties from: C:\BuildIBM\dev-eclipse45x_rtc502\workspace-odc\apache-jmeter-2.13\bin\user.properties 
2016/02/19 13:27:26 INFO  - jmeter.JMeter: Loading system properties from: C:\BuildIBM\dev-eclipse45x_rtc502\workspace-odc\apache-jmeter-2.13\bin\system.properties 
2016/02/19 13:27:26 INFO  - jmeter.JMeter: Copyright (c) 1998-2015 The Apache Software Foundation 
2016/02/19 13:27:26 INFO  - jmeter.JMeter: Version 2.13 
2016/02/19 13:27:26 INFO  - jmeter.JMeter: java.version=1.7.0_79 
2016/02/19 13:27:26 INFO  - jmeter.JMeter: java.vm.name=Java HotSpot(TM) 64-Bit Server VM 
2016/02/19 13:27:26 INFO  - jmeter.JMeter: os.name=Windows 7 
2016/02/19 13:27:26 INFO  - jmeter.JMeter: os.arch=amd64 
2016/02/19 13:27:26 INFO  - jmeter.JMeter: os.version=6.1 
2016/02/19 13:27:26 INFO  - jmeter.JMeter: file.encoding=Cp1252 
2016/02/19 13:27:26 INFO  - jmeter.JMeter: Default Locale=English (United States) 
2016/02/19 13:27:26 INFO  - jmeter.JMeter: JMeter  Locale=English (United States) 
2016/02/19 13:27:26 INFO  - jmeter.JMeter: JMeterHome=C:/BuildIBM/dev-eclipse45x_rtc502/workspace-odc/apache-jmeter-2.13 
2016/02/19 13:27:26 INFO  - jmeter.JMeter: user.dir  =C:\BuildIBM\dev-eclipse45x_rtc502\workspace-odc\apache-jmeter-2.13 
2016/02/19 13:27:26 INFO  - jmeter.JMeter: PWD       =C:\BuildIBM\dev-eclipse45x_rtc502\workspace-odc\apache-jmeter-2.13 
2016/02/19 13:27:26 INFO  - jmeter.JMeter: IP: 9.23.39.132 Name: ibm-vm FullName: ibm-vm 
2016/02/19 13:27:26 INFO  - jmeter.gui.action.LookAndFeelCommand: Using look and feel: javax.swing.plaf.metal.MetalLookAndFeel [Metal, CrossPlatform] 
2016/02/19 13:27:26 INFO  - jmeter.JMeter: Loaded icon properties from org/apache/jmeter/images/icon.properties 
2016/02/19 13:27:28 INFO  - jmeter.engine.util.CompoundVariable: Note: Function class names must contain the string: '.functions.' 
2016/02/19 13:27:28 INFO  - jmeter.engine.util.CompoundVariable: Note: Function class names must not contain the string: '.gui.' 
2016/02/19 13:27:28 INFO  - jmeter.JMeter: Loading file: HiringSample.jmx 
2016/02/19 13:27:28 INFO  - jmeter.services.FileServer: Default base='C:\BuildIBM\dev-eclipse45x_rtc502\workspace-odc\apache-jmeter-2.13' 
2016/02/19 13:27:28 INFO  - jmeter.services.FileServer: Set new base='C:\BuildIBM\dev-eclipse45x_rtc502\workspace-odc\apache-jmeter-2.13' 
2016/02/19 13:27:29 INFO  - jmeter.save.SaveService: Testplan (JMX) version: 2.2. Testlog (JTL) version: 2.2 
2016/02/19 13:27:29 INFO  - jmeter.save.SaveService: Using SaveService properties file encoding UTF-8 
2016/02/19 13:27:29 INFO  - jmeter.save.SaveService: Using SaveService properties file version 1656252 
2016/02/19 13:27:29 ERROR - jmeter.save.SaveService: Duplicate class detected for BPMHttpTestSampleGui: com.ibm.issw.odc.gui.BPMHttpTestSampleGui & org.apache.jmeter.protocol.http.control.gui.HttpTestSampleGui 
2016/02/19 13:27:29 INFO  - jmeter.save.SaveService: Using SaveService properties version 2.8 
2016/02/19 13:27:29 INFO  - jmeter.save.SaveService: All converter versions present and correct 
2016/02/19 13:27:29 INFO  - jmeter.save.SaveService: Loading file: HiringSample.jmx 
2016/02/19 13:27:29 INFO  - jmeter.protocol.http.control.CookieManager: Settings: Delete null: true Check: true Allow variable: true Save: false Prefix: COOKIE_ 
2016/02/19 13:27:29 INFO  - jmeter.protocol.http.sampler.HTTPSamplerBase: Cannot find .className property for htmlParser, using default 
2016/02/19 13:27:29 INFO  - jmeter.protocol.http.sampler.HTTPSamplerBase: Parser for text/html is  
2016/02/19 13:27:29 INFO  - jmeter.protocol.http.sampler.HTTPSamplerBase: Parser for application/xhtml+xml is  
2016/02/19 13:27:29 INFO  - jmeter.protocol.http.sampler.HTTPSamplerBase: Parser for application/xml is  
2016/02/19 13:27:29 INFO  - jmeter.protocol.http.sampler.HTTPSamplerBase: Parser for text/xml is  
2016/02/19 13:27:29 INFO  - jmeter.protocol.http.sampler.HTTPSamplerBase: Parser for text/vnd.wap.wml is org.apache.jmeter.protocol.http.parser.RegexpHTMLParser 
2016/02/19 13:27:29 INFO  - jmeter.util.BSFTestElement: Registering JMeter version of JavaScript engine as work-round for BSF-22 
2016/02/19 13:27:29 INFO  - jorphan.exec.KeyToolUtils: keytool found at 'keytool' 
2016/02/19 13:27:29 INFO  - jmeter.protocol.http.proxy.ProxyControl: HTTP(S) Test Script Recorder SSL Proxy will use keys that support embedded 3rd party resources in file C:\BuildIBM\dev-eclipse45x_rtc502\workspace-odc\apache-jmeter-2.13\bin\proxyserver.jks 
2016/02/19 13:27:29 INFO  - jmeter.services.FileServer: Set new base='C:\BuildIBM\dev-eclipse45x_rtc502\workspace-odc\apache-jmeter-2.13' 
2016/02/19 13:27:29 INFO  - jmeter.gui.util.MenuFactory: Skipping kg.apc.jmeter.config.VariablesFromCSVFile 
2016/02/19 13:27:30 INFO  - jmeter.samplers.SampleResult: Note: Sample TimeStamps are START times 
2016/02/19 13:27:30 INFO  - jmeter.samplers.SampleResult: sampleresult.default.encoding is set to ISO-8859-1 
2016/02/19 13:27:30 INFO  - jmeter.samplers.SampleResult: sampleresult.useNanoTime=true 
2016/02/19 13:27:30 INFO  - jmeter.samplers.SampleResult: sampleresult.nanoThreadSleep=5000 
2016/02/19 13:27:30 INFO  - jmeter.gui.util.MenuFactory: Skipping org.apache.jmeter.protocol.http.control.gui.WebServiceSamplerGui 
2016/02/19 13:27:31 INFO  - jmeter.gui.util.MenuFactory: Skipping org.apache.jmeter.protocol.http.modifier.gui.ParamModifierGui 
2016/02/19 13:28:11 INFO  - jmeter.protocol.http.proxy.ProxyControl: Valid alias found for :root_ca: 
2016/02/19 13:28:11 INFO  - jmeter.protocol.http.proxy.ProxyControl: Valid alias found for :intermediate_ca: 
2016/02/19 13:28:11 INFO  - jmeter.protocol.http.proxy.Daemon: Creating Daemon Socket on port: 8080 
2016/02/19 13:28:11 INFO  - jmeter.protocol.http.proxy.Daemon: Test Script Recorder up and running! 
2016/02/19 13:28:15 INFO  - jmeter.protocol.http.proxy.Proxy: Proxy will remove the headers: If-Modified-Since,If-None-Match,Host 
2016/02/19 13:28:15 INFO  - jmeter.protocol.http.proxy.Proxy: [54539] KeyStore for SSL loaded OK and put host 'ibm-vm' in map with key (ibm-vm) 
2016/02/19 13:28:15 INFO  - jmeter.protocol.http.sampler.HTTPHCAbstractImpl: Local host = ibm-vm 
2016/02/19 13:28:15 INFO  - jmeter.protocol.http.sampler.HTTPHC4Impl: HTTP request retry count = 1 
2016/02/19 13:28:15 INFO  - jmeter.protocol.http.sampler.HttpClientDefaultParameters: Reading httpclient parameters from hc.parameters 
2016/02/19 13:28:15 ERROR - jmeter.protocol.http.sampler.HttpClientDefaultParameters: Problem loading properties java.io.FileNotFoundException: hc.parameters (The system cannot find the file specified) 
2016/02/19 13:28:15 INFO  - jmeter.protocol.http.sampler.HTTPHC4Impl: Setting up HTTPS TrustAll scheme 
2016/02/19 13:28:15 INFO  - jmeter.util.JsseSSLManager: Using default SSL protocol: TLS 
2016/02/19 13:28:15 INFO  - jmeter.util.JsseSSLManager: SSL session context: per-thread 
2016/02/19 13:28:15 INFO  - jmeter.util.SSLManager: JmeterKeyStore Location:  type JKS 
2016/02/19 13:28:15 INFO  - jmeter.util.SSLManager: KeyStore created OK 
2016/02/19 13:28:15 WARN  - jmeter.util.SSLManager: Keystore file not found, loading empty keystore 
2016/02/19 13:28:15 INFO  - jmeter.protocol.http.proxy.FormCharSetFinder: Using htmlparser version: 2.0 (Release Build Sep 17, 2006) 
2016/02/19 13:28:15 INFO  - jmeter.samplers.SampleEvent: List of sample_variables: [] 
2016/02/19 13:28:30 WARN  - jmeter.protocol.http.proxy.Proxy: [54618] Problem with SSL certificate for 'ibm-vm'? Ensure browser is set to accept the JMeter proxy cert: Software caused connection abort: recv failed 
2016/02/19 13:28:54 INFO  - jmeter.protocol.http.proxy.Daemon: HTTP(S) Test Script Recorder stopped 
2016/02/19 13:29:29 INFO  - jmeter.engine.StandardJMeterEngine: Listeners will be started after enabling running version 
2016/02/19 13:29:29 INFO  - jmeter.engine.StandardJMeterEngine: To revert to the earlier behaviour, define jmeterengine.startlistenerslater=false 
2016/02/19 13:29:29 INFO  - jmeter.engine.StandardJMeterEngine: Running the test! 
2016/02/19 13:29:29 INFO  - jmeter.samplers.SampleEvent: List of sample_variables: [] 
2016/02/19 13:29:29 INFO  - jmeter.gui.util.JMeterMenuBar: setRunning(true,*local*) 
2016/02/19 13:29:29 INFO  - jmeter.engine.StandardJMeterEngine: Starting ThreadGroup: 1 : Thread Group Recorder 
2016/02/19 13:29:29 INFO  - jmeter.engine.StandardJMeterEngine: Starting 1 threads for group Thread Group Recorder. 
2016/02/19 13:29:29 INFO  - jmeter.engine.StandardJMeterEngine: Thread will continue on error 
2016/02/19 13:29:29 INFO  - jmeter.threads.ThreadGroup: Starting thread group number 1 threads 1 ramp-up 1 perThread 1000.0 delayedStart=false 
2016/02/19 13:29:29 INFO  - jmeter.threads.JMeterThread: jmeterthread.startearlier=true (see jmeter.properties) 
2016/02/19 13:29:29 INFO  - jmeter.threads.JMeterThread: Running PostProcessors in forward order 
2016/02/19 13:29:29 INFO  - jmeter.threads.ThreadGroup: Started thread group number 1 
2016/02/19 13:29:29 INFO  - jmeter.engine.StandardJMeterEngine: All thread groups have been started 
2016/02/19 13:29:29 INFO  - jmeter.threads.JMeterThread: Thread started: Thread Group Recorder 1-1 
2016/02/19 13:29:29 INFO  - jmeter.protocol.http.sampler.HTTPJavaImpl: Maximum connection retries = 10 
2016/02/19 13:29:29 ERROR - jmeter.protocol.http.sampler.HTTPJavaImpl: readResponse: java.io.IOException: Server returned HTTP response code: 401 for URL: https://ibm-vm:21319/rest/bpm/wle/v1/user/current?parts=all&preventCache=1455906496156 
2016/02/19 13:29:29 ERROR - jmeter.protocol.http.sampler.HTTPJavaImpl: Cause: java.io.IOException: Server returned HTTP response code: 401 for URL: https://ibm-vm:21319/rest/bpm/wle/v1/user/current?parts=all&preventCache=1455906496156 
2016/02/19 13:29:29 INFO  - jmeter.protocol.http.sampler.HTTPJavaImpl: Error Response Code: 401, Server sent no Errorpage 
2016/02/19 13:29:29 ERROR - jmeter.protocol.http.sampler.HTTPJavaImpl: readResponse: java.io.IOException: Server returned HTTP response code: 401 for URL: https://ibm-vm:21319/mum/mycontenthandler/mm/dav/filestore/public/themes/processPortalTheme/img/favicon.ico 
2016/02/19 13:29:29 ERROR - jmeter.protocol.http.sampler.HTTPJavaImpl: Cause: java.io.IOException: Server returned HTTP response code: 401 for URL: https://ibm-vm:21319/mum/mycontenthandler/mm/dav/filestore/public/themes/processPortalTheme/img/favicon.ico 
2016/02/19 13:29:29 INFO  - jmeter.protocol.http.sampler.HTTPJavaImpl: Error Response Code: 401, Server sent no Errorpage 
2016/02/19 13:29:29 ERROR - jmeter.protocol.http.sampler.HTTPJavaImpl: readResponse: java.io.IOException: Server returned HTTP response code: 401 for URL: https://ibm-vm:21319/mum/mycontenthandler/mm/dav/filestore/public/themes/processPortalTheme/img/favicon.ico 
2016/02/19 13:29:29 ERROR - jmeter.protocol.http.sampler.HTTPJavaImpl: Cause: java.io.IOException: Server returned HTTP response code: 401 for URL: https://ibm-vm:21319/mum/mycontenthandler/mm/dav/filestore/public/themes/processPortalTheme/img/favicon.ico 
2016/02/19 13:29:29 INFO  - jmeter.protocol.http.sampler.HTTPJavaImpl: Error Response Code: 401, Server sent no Errorpage 
2016/02/19 13:29:29 ERROR - jmeter.protocol.http.sampler.HTTPJavaImpl: readResponse: java.io.IOException: Server returned HTTP response code: 401 for URL: https://ibm-vm:21319/mum/mycontenthandler/mm/dav/filestore/public/themes/processPortalTheme/img/favicon.ico 
2016/02/19 13:29:29 ERROR - jmeter.protocol.http.sampler.HTTPJavaImpl: Cause: java.io.IOException: Server returned HTTP response code: 401 for URL: https://ibm-vm:21319/mum/mycontenthandler/mm/dav/filestore/public/themes/processPortalTheme/img/favicon.ico 
2016/02/19 13:29:29 INFO  - jmeter.protocol.http.sampler.HTTPJavaImpl: Error Response Code: 401, Server sent no Errorpage 
2016/02/19 13:29:29 ERROR - jmeter.protocol.http.sampler.HTTPJavaImpl: readResponse: java.io.IOException: Server returned HTTP response code: 401 for URL: https://ibm-vm:21319/mum/mycontenthandler/mm/dav/filestore/public/themes/processPortalTheme/img/favicon.ico 
2016/02/19 13:29:29 ERROR - jmeter.protocol.http.sampler.HTTPJavaImpl: Cause: java.io.IOException: Server returned HTTP response code: 401 for URL: https://ibm-vm:21319/mum/mycontenthandler/mm/dav/filestore/public/themes/processPortalTheme/img/favicon.ico 
2016/02/19 13:29:29 INFO  - jmeter.protocol.http.sampler.HTTPJavaImpl: Error Response Code: 401, Server sent no Errorpage 
2016/02/19 13:29:29 ERROR - jmeter.protocol.http.sampler.HTTPJavaImpl: readResponse: java.io.IOException: Server returned HTTP response code: 401 for URL: https://ibm-vm:21319/rest/bpm/wle/v1/systems?federationMode=true 
2016/02/19 13:29:29 ERROR - jmeter.protocol.http.sampler.HTTPJavaImpl: Cause: java.io.IOException: Server returned HTTP response code: 401 for URL: https://ibm-vm:21319/rest/bpm/wle/v1/systems?federationMode=true 
2016/02/19 13:29:29 INFO  - jmeter.protocol.http.sampler.HTTPJavaImpl: Error Response Code: 401, Server sent no Errorpage 
2016/02/19 13:29:29 ERROR - jmeter.protocol.http.sampler.HTTPJavaImpl: readResponse: java.io.IOException: Server returned HTTP response code: 401 for URL: https://ibm-vm:21319/rest/bpm/wle/v1/exposed?includeServiceSubtypes=startable_service,dashboard&excludeReferencedFromToolkit=null&federationMode=true&dojo.preventCache=1455906496900 
2016/02/19 13:29:29 ERROR - jmeter.protocol.http.sampler.HTTPJavaImpl: Cause: java.io.IOException: Server returned HTTP response code: 401 for URL: https://ibm-vm:21319/rest/bpm/wle/v1/exposed?includeServiceSubtypes=startable_service,dashboard&excludeReferencedFromToolkit=null&federationMode=true&dojo.preventCache=1455906496900 
2016/02/19 13:29:29 INFO  - jmeter.protocol.http.sampler.HTTPJavaImpl: Error Response Code: 401, Server sent no Errorpage 
2016/02/19 13:29:29 ERROR - jmeter.protocol.http.sampler.HTTPJavaImpl: readResponse: java.io.IOException: Server returned HTTP response code: 401 for URL: https://ibm-vm:21319/rest/bpm/wle/v1/tasks/queries?userParametersAllowed=false&federationMode=true&dojo.preventCache=1455906497062 
2016/02/19 13:29:29 ERROR - jmeter.protocol.http.sampler.HTTPJavaImpl: Cause: java.io.IOException: Server returned HTTP response code: 401 for URL: https://ibm-vm:21319/rest/bpm/wle/v1/tasks/queries?userParametersAllowed=false&federationMode=true&dojo.preventCache=1455906497062 
2016/02/19 13:29:29 INFO  - jmeter.protocol.http.sampler.HTTPJavaImpl: Error Response Code: 401, Server sent no Errorpage 
2016/02/19 13:29:29 ERROR - jmeter.protocol.http.sampler.HTTPJavaImpl: readResponse: java.io.IOException: Server returned HTTP response code: 401 for URL: https://ibm-vm:21319/rest/bpm/wle/v1/processes/queries?userParametersAllowed=false&federationMode=true&dojo.preventCache=1455906497108 
2016/02/19 13:29:29 ERROR - jmeter.protocol.http.sampler.HTTPJavaImpl: Cause: java.io.IOException: Server returned HTTP response code: 401 for URL: https://ibm-vm:21319/rest/bpm/wle/v1/processes/queries?userParametersAllowed=false&federationMode=true&dojo.preventCache=1455906497108 
2016/02/19 13:29:29 INFO  - jmeter.protocol.http.sampler.HTTPJavaImpl: Error Response Code: 401, Server sent no Errorpage 
2016/02/19 13:29:29 ERROR - jmeter.protocol.http.sampler.HTTPJavaImpl: readResponse: java.io.IOException: Server returned HTTP response code: 401 for URL: https://ibm-vm:21319/bpm/notification/cometd/handshake 
2016/02/19 13:29:29 ERROR - jmeter.protocol.http.sampler.HTTPJavaImpl: Cause: java.io.IOException: Server returned HTTP response code: 401 for URL: https://ibm-vm:21319/bpm/notification/cometd/handshake 
2016/02/19 13:29:29 INFO  - jmeter.protocol.http.sampler.HTTPJavaImpl: Error Response Code: 401, Server sent no Errorpage 
2016/02/19 13:29:29 ERROR - jmeter.protocol.http.sampler.HTTPJavaImpl: readResponse: java.io.IOException: Server returned HTTP response code: 401 for URL: https://ibm-vm:21319/mum/mycontenthandler/mm/dav/filestore/public/themes/processPortalTheme/img/favicon.ico 
2016/02/19 13:29:29 ERROR - jmeter.protocol.http.sampler.HTTPJavaImpl: Cause: java.io.IOException: Server returned HTTP response code: 401 for URL: https://ibm-vm:21319/mum/mycontenthandler/mm/dav/filestore/public/themes/processPortalTheme/img/favicon.ico 
2016/02/19 13:29:29 INFO  - jmeter.protocol.http.sampler.HTTPJavaImpl: Error Response Code: 401, Server sent no Errorpage 
2016/02/19 13:29:29 ERROR - jmeter.protocol.http.sampler.HTTPJavaImpl: readResponse: java.io.IOException: Server returned HTTP response code: 401 for URL: https://ibm-vm:21319/rest/bpm/wle/v1/social/system/integrations 
2016/02/19 13:29:29 ERROR - jmeter.protocol.http.sampler.HTTPJavaImpl: Cause: java.io.IOException: Server returned HTTP response code: 401 for URL: https://ibm-vm:21319/rest/bpm/wle/v1/social/system/integrations 
2016/02/19 13:29:29 INFO  - jmeter.protocol.http.sampler.HTTPJavaImpl: Error Response Code: 401, Server sent no Errorpage 
2016/02/19 13:29:29 ERROR - jmeter.protocol.http.sampler.HTTPJavaImpl: readResponse: java.io.IOException: Server returned HTTP response code: 401 for URL: https://ibm-vm:21319/bpm/notification/cometd/ 
2016/02/19 13:29:29 ERROR - jmeter.protocol.http.sampler.HTTPJavaImpl: Cause: java.io.IOException: Server returned HTTP response code: 401 for URL: https://ibm-vm:21319/bpm/notification/cometd/ 
2016/02/19 13:29:29 INFO  - jmeter.protocol.http.sampler.HTTPJavaImpl: Error Response Code: 401, Server sent no Errorpage 
2016/02/19 13:29:29 ERROR - jmeter.protocol.http.sampler.HTTPJavaImpl: readResponse: java.io.IOException: Server returned HTTP response code: 401 for URL: https://ibm-vm:21319/rest/bpm/wle/v1/social/instances/mentions?page=1&pagesize=50&federationMode=true&dojo.preventCache=1455906497410 
2016/02/19 13:29:29 ERROR - jmeter.protocol.http.sampler.HTTPJavaImpl: Cause: java.io.IOException: Server returned HTTP response code: 401 for URL: https://ibm-vm:21319/rest/bpm/wle/v1/social/instances/mentions?page=1&pagesize=50&federationMode=true&dojo.preventCache=1455906497410 
2016/02/19 13:29:29 INFO  - jmeter.protocol.http.sampler.HTTPJavaImpl: Error Response Code: 401, Server sent no Errorpage 
2016/02/19 13:29:29 ERROR - jmeter.protocol.http.sampler.HTTPJavaImpl: readResponse: java.io.IOException: Server returned HTTP response code: 401 for URL: https://ibm-vm:21319/rest/bpm/wle/v1/social/instances/following?federationMode=true&dojo.preventCache=1455906497383 
2016/02/19 13:29:29 ERROR - jmeter.protocol.http.sampler.HTTPJavaImpl: Cause: java.io.IOException: Server returned HTTP response code: 401 for URL: https://ibm-vm:21319/rest/bpm/wle/v1/social/instances/following?federationMode=true&dojo.preventCache=1455906497383 
2016/02/19 13:29:29 INFO  - jmeter.protocol.http.sampler.HTTPJavaImpl: Error Response Code: 401, Server sent no Errorpage 
2016/02/19 13:29:29 ERROR - jmeter.protocol.http.sampler.HTTPJavaImpl: readResponse: java.io.IOException: Server returned HTTP response code: 401 for URL: https://ibm-vm:21319/rest/bpm/wle/v1/tasks/query/IBM.DEFAULTALLTASKSLIST_75/attributes?includeTaskData=false&federationMode=true&dojo.preventCache=1455906497421 
2016/02/19 13:29:29 ERROR - jmeter.protocol.http.sampler.HTTPJavaImpl: Cause: java.io.IOException: Server returned HTTP response code: 401 for URL: https://ibm-vm:21319/rest/bpm/wle/v1/tasks/query/IBM.DEFAULTALLTASKSLIST_75/attributes?includeTaskData=false&federationMode=true&dojo.preventCache=1455906497421 
2016/02/19 13:29:29 INFO  - jmeter.protocol.http.sampler.HTTPJavaImpl: Error Response Code: 401, Server sent no Errorpage 
2016/02/19 13:29:29 ERROR - jmeter.protocol.http.sampler.HTTPJavaImpl: readResponse: java.io.IOException: Server returned HTTP response code: 401 for URL: https://ibm-vm:21319/rest/bpm/wle/v1/user/current?parts=none 
2016/02/19 13:29:29 ERROR - jmeter.protocol.http.sampler.HTTPJavaImpl: Cause: java.io.IOException: Server returned HTTP response code: 401 for URL: https://ibm-vm:21319/rest/bpm/wle/v1/user/current?parts=none 
2016/02/19 13:29:29 INFO  - jmeter.protocol.http.sampler.HTTPJavaImpl: Error Response Code: 401, Server sent no Errorpage 
2016/02/19 13:29:29 ERROR - jmeter.protocol.http.sampler.HTTPJavaImpl: readResponse: java.io.IOException: Server returned HTTP response code: 401 for URL: https://ibm-vm:21319/bpm/notification/cometd/ 
2016/02/19 13:29:29 ERROR - jmeter.protocol.http.sampler.HTTPJavaImpl: Cause: java.io.IOException: Server returned HTTP response code: 401 for URL: https://ibm-vm:21319/bpm/notification/cometd/ 
2016/02/19 13:29:29 INFO  - jmeter.protocol.http.sampler.HTTPJavaImpl: Error Response Code: 401, Server sent no Errorpage 
2016/02/19 13:29:29 ERROR - jmeter.protocol.http.sampler.HTTPJavaImpl: readResponse: java.io.IOException: Server returned HTTP response code: 401 for URL: https://ibm-vm:21319/bpm/notification/cometd/connect 
2016/02/19 13:29:29 ERROR - jmeter.protocol.http.sampler.HTTPJavaImpl: Cause: java.io.IOException: Server returned HTTP response code: 401 for URL: https://ibm-vm:21319/bpm/notification/cometd/connect 
2016/02/19 13:29:29 INFO  - jmeter.protocol.http.sampler.HTTPJavaImpl: Error Response Code: 401, Server sent no Errorpage 
2016/02/19 13:29:30 ERROR - jmeter.protocol.http.sampler.HTTPJavaImpl: readResponse: java.io.IOException: Server returned HTTP response code: 401 for URL: https://ibm-vm:21319/mum/mycontenthandler/mm/dav/filestore/public/themes/processPortalTheme/img/favicon.ico 
2016/02/19 13:29:30 ERROR - jmeter.protocol.http.sampler.HTTPJavaImpl: Cause: java.io.IOException: Server returned HTTP response code: 401 for URL: https://ibm-vm:21319/mum/mycontenthandler/mm/dav/filestore/public/themes/processPortalTheme/img/favicon.ico 
2016/02/19 13:29:30 INFO  - jmeter.protocol.http.sampler.HTTPJavaImpl: Error Response Code: 401, Server sent no Errorpage 
2016/02/19 13:29:30 ERROR - jmeter.protocol.http.sampler.HTTPJavaImpl: readResponse: java.io.IOException: Server returned HTTP response code: 401 for URL: https://ibm-vm:21319/rest/bpm/wle/v1/tasks/query/IBM.DEFAULTALLTASKSLIST_75?selectedAttributes=TAD_DISPLAY_NAME%2CPRIORITY%2CDUE%2CPI_DISPLAY_NAME%2CASSIGNED_TO_ROLE_DISPLAY_NAME%2CNAME%2CPI_PIID%2CPI_NAME%2COWNER%2CSTATE%2CIS_AT_RISK%2CTKIID&interactionFilter=ASSESS_AND_WORK_ON&size=26&sortAttributes=IS_AT_RISK%20DESC%2CDUE%20ASC%2CTKIID%20ASC&federationMode=true&dojo.preventCache=1455906497751 
2016/02/19 13:29:30 ERROR - jmeter.protocol.http.sampler.HTTPJavaImpl: Cause: java.io.IOException: Server returned HTTP response code: 401 for URL: https://ibm-vm:21319/rest/bpm/wle/v1/tasks/query/IBM.DEFAULTALLTASKSLIST_75?selectedAttributes=TAD_DISPLAY_NAME%2CPRIORITY%2CDUE%2CPI_DISPLAY_NAME%2CASSIGNED_TO_ROLE_DISPLAY_NAME%2CNAME%2CPI_PIID%2CPI_NAME%2COWNER%2CSTATE%2CIS_AT_RISK%2CTKIID&interactionFilter=ASSESS_AND_WORK_ON&size=26&sortAttributes=IS_AT_RISK%20DESC%2CDUE%20ASC%2CTKIID%20ASC&federationMode=true&dojo.preventCache=1455906497751 
2016/02/19 13:29:30 INFO  - jmeter.protocol.http.sampler.HTTPJavaImpl: Error Response Code: 401, Server sent no Errorpage 
2016/02/19 13:29:30 ERROR - jmeter.protocol.http.sampler.HTTPJavaImpl: readResponse: java.io.IOException: Server returned HTTP response code: 401 for URL: https://ibm-vm:21319/bpm/notification/cometd/ 
2016/02/19 13:29:30 ERROR - jmeter.protocol.http.sampler.HTTPJavaImpl: Cause: java.io.IOException: Server returned HTTP response code: 401 for URL: https://ibm-vm:21319/bpm/notification/cometd/ 
2016/02/19 13:29:30 INFO  - jmeter.protocol.http.sampler.HTTPJavaImpl: Error Response Code: 401, Server sent no Errorpage 
2016/02/19 13:29:30 ERROR - jmeter.protocol.http.sampler.HTTPJavaImpl: readResponse: java.io.IOException: Server returned HTTP response code: 401 for URL: https://ibm-vm:21319/rest/bpm/wle/v1/task/actions?taskIDs=3%2C4%2C5%2C6%2C7%2C8%2C9%2C53%2C54%2C56%2C57&actions=ACTION_CLAIM,ACTION_COMPLETE,ACTION_CANCELCLAIM,ACTION_REASSIGNTOUSER,ACTION_REASSIGNTOGROUP,ACTION_UPDATEPRIORITY,ACTION_UPDATEDUEDATE,ACTION_ADDCOMMENT&federationMode=true&dojo.preventCache=1455906498041 
2016/02/19 13:29:30 ERROR - jmeter.protocol.http.sampler.HTTPJavaImpl: Cause: java.io.IOException: Server returned HTTP response code: 401 for URL: https://ibm-vm:21319/rest/bpm/wle/v1/task/actions?taskIDs=3%2C4%2C5%2C6%2C7%2C8%2C9%2C53%2C54%2C56%2C57&actions=ACTION_CLAIM,ACTION_COMPLETE,ACTION_CANCELCLAIM,ACTION_REASSIGNTOUSER,ACTION_REASSIGNTOGROUP,ACTION_UPDATEPRIORITY,ACTION_UPDATEDUEDATE,ACTION_ADDCOMMENT&federationMode=true&dojo.preventCache=1455906498041 
2016/02/19 13:29:30 INFO  - jmeter.protocol.http.sampler.HTTPJavaImpl: Error Response Code: 401, Server sent no Errorpage 
2016/02/19 13:29:30 ERROR - jmeter.protocol.http.sampler.HTTPJavaImpl: readResponse: java.io.IOException: Server returned HTTP response code: 401 for URL: https://ibm-vm:21319/bpm/notification/cometd/connect 
2016/02/19 13:29:30 ERROR - jmeter.protocol.http.sampler.HTTPJavaImpl: Cause: java.io.IOException: Server returned HTTP response code: 401 for URL: https://ibm-vm:21319/bpm/notification/cometd/connect 
2016/02/19 13:29:30 INFO  - jmeter.protocol.http.sampler.HTTPJavaImpl: Error Response Code: 401, Server sent no Errorpage 
2016/02/19 13:29:30 ERROR - jmeter.protocol.http.sampler.HTTPJavaImpl: readResponse: java.io.IOException: Server returned HTTP response code: 401 for URL: https://ibm-vm:21319/rest/bpm/wle/v1/process?action=start&bpdId=25.c904b3b1-afc1-4698-bf5a-a20892c20275&branchId=2063.1a52abd6-b068-4f9e-91a9-ded9793eb34e&federationMode=true 
2016/02/19 13:29:30 ERROR - jmeter.protocol.http.sampler.HTTPJavaImpl: Cause: java.io.IOException: Server returned HTTP response code: 401 for URL: https://ibm-vm:21319/rest/bpm/wle/v1/process?action=start&bpdId=25.c904b3b1-afc1-4698-bf5a-a20892c20275&branchId=2063.1a52abd6-b068-4f9e-91a9-ded9793eb34e&federationMode=true 
2016/02/19 13:29:30 INFO  - jmeter.protocol.http.sampler.HTTPJavaImpl: Error Response Code: 401, Server sent no Errorpage 
2016/02/19 13:29:30 ERROR - jmeter.protocol.http.sampler.HTTPJavaImpl: readResponse: java.io.IOException: Server returned HTTP response code: 401 for URL: https://ibm-vm:21319/rest/bpm/wle/v1/task/58/clientSettings/IBM_WLE_Coach?federationMode=true&dojo.preventCache=1455906509724 
2016/02/19 13:29:30 ERROR - jmeter.protocol.http.sampler.HTTPJavaImpl: Cause: java.io.IOException: Server returned HTTP response code: 401 for URL: https://ibm-vm:21319/rest/bpm/wle/v1/task/58/clientSettings/IBM_WLE_Coach?federationMode=true&dojo.preventCache=1455906509724 
2016/02/19 13:29:30 INFO  - jmeter.protocol.http.sampler.HTTPJavaImpl: Error Response Code: 401, Server sent no Errorpage 
2016/02/19 13:29:30 ERROR - jmeter.protocol.http.sampler.HTTPJavaImpl: readResponse: java.io.IOException: Server returned HTTP response code: 401 for URL: https://ibm-vm:21319/rest/bpm/wle/v1/task/58?parts=none 
2016/02/19 13:29:30 ERROR - jmeter.protocol.http.sampler.HTTPJavaImpl: Cause: java.io.IOException: Server returned HTTP response code: 401 for URL: https://ibm-vm:21319/rest/bpm/wle/v1/task/58?parts=none 
2016/02/19 13:29:30 INFO  - jmeter.protocol.http.sampler.HTTPJavaImpl: Error Response Code: 401, Server sent no Errorpage 
2016/02/19 13:29:30 ERROR - jmeter.protocol.http.sampler.HTTPJavaImpl: readResponse: java.io.IOException: Server returned HTTP response code: 401 for URL: https://ibm-vm:21319/rest/bpm/wle/v1/task/actions?taskIDs=58&actions=ACTION_CLAIM,ACTION_COMPLETE,ACTION_CANCELCLAIM,ACTION_INVITE,ACTION_REASSIGNTOUSER,ACTION_REASSIGNTOGROUP,ACTION_SETOUTPUTMESSAGE,ACTION_UPDATEPRIORITY,ACTION_UPDATEDUEDATE&federationMode=true&dojo.preventCache=1455906509817 
2016/02/19 13:29:30 ERROR - jmeter.protocol.http.sampler.HTTPJavaImpl: Cause: java.io.IOException: Server returned HTTP response code: 401 for URL: https://ibm-vm:21319/rest/bpm/wle/v1/task/actions?taskIDs=58&actions=ACTION_CLAIM,ACTION_COMPLETE,ACTION_CANCELCLAIM,ACTION_INVITE,ACTION_REASSIGNTOUSER,ACTION_REASSIGNTOGROUP,ACTION_SETOUTPUTMESSAGE,ACTION_UPDATEPRIORITY,ACTION_UPDATEDUEDATE&federationMode=true&dojo.preventCache=1455906509817 
2016/02/19 13:29:30 INFO  - jmeter.protocol.http.sampler.HTTPJavaImpl: Error Response Code: 401, Server sent no Errorpage 
2016/02/19 13:29:30 ERROR - jmeter.protocol.http.sampler.HTTPJavaImpl: readResponse: java.io.IOException: Server returned HTTP response code: 401 for URL: https://ibm-vm:21319/rest/bpm/wle/v1/process/2278?parts=header%7Cdata&federationMode=true&dojo.preventCache=1455906509819 
2016/02/19 13:29:30 ERROR - jmeter.protocol.http.sampler.HTTPJavaImpl: Cause: java.io.IOException: Server returned HTTP response code: 401 for URL: https://ibm-vm:21319/rest/bpm/wle/v1/process/2278?parts=header%7Cdata&federationMode=true&dojo.preventCache=1455906509819 
2016/02/19 13:29:30 INFO  - jmeter.protocol.http.sampler.HTTPJavaImpl: Error Response Code: 401, Server sent no Errorpage 
2016/02/19 13:29:30 ERROR - jmeter.protocol.http.sampler.HTTPJavaImpl: readResponse: java.io.IOException: Server returned HTTP response code: 401 for URL: https://ibm-vm:21319/bpm/notification/cometd/ 
2016/02/19 13:29:30 ERROR - jmeter.protocol.http.sampler.HTTPJavaImpl: Cause: java.io.IOException: Server returned HTTP response code: 401 for URL: https://ibm-vm:21319/bpm/notification/cometd/ 
2016/02/19 13:29:30 INFO  - jmeter.protocol.http.sampler.HTTPJavaImpl: Error Response Code: 401, Server sent no Errorpage 
2016/02/19 13:29:30 ERROR - jmeter.protocol.http.sampler.HTTPJavaImpl: readResponse: java.io.IOException: Server returned HTTP response code: 401 for URL: https://ibm-vm:21319/bpm/notification/cometd/connect 
2016/02/19 13:29:30 ERROR - jmeter.protocol.http.sampler.HTTPJavaImpl: Cause: java.io.IOException: Server returned HTTP response code: 401 for URL: https://ibm-vm:21319/bpm/notification/cometd/connect 
2016/02/19 13:29:30 INFO  - jmeter.protocol.http.sampler.HTTPJavaImpl: Error Response Code: 401, Server sent no Errorpage 
2016/02/19 13:29:30 ERROR - jmeter.protocol.http.sampler.HTTPJavaImpl: readResponse: java.io.IOException: Server returned HTTP response code: 401 for URL: https://ibm-vm:21319/mum/mycontenthandler/mm/dav/filestore/public/themes/processPortalTheme/img/favicon.ico 
2016/02/19 13:29:30 ERROR - jmeter.protocol.http.sampler.HTTPJavaImpl: Cause: java.io.IOException: Server returned HTTP response code: 401 for URL: https://ibm-vm:21319/mum/mycontenthandler/mm/dav/filestore/public/themes/processPortalTheme/img/favicon.ico 
2016/02/19 13:29:30 INFO  - jmeter.protocol.http.sampler.HTTPJavaImpl: Error Response Code: 401, Server sent no Errorpage 
2016/02/19 13:29:30 ERROR - jmeter.protocol.http.sampler.HTTPJavaImpl: readResponse: java.io.IOException: Server returned HTTP response code: 401 for URL: https://ibm-vm:21319/rest/bpm/wle/v1/process/2278/actions?federationMode=true&dojo.preventCache=1455906510205 
2016/02/19 13:29:30 ERROR - jmeter.protocol.http.sampler.HTTPJavaImpl: Cause: java.io.IOException: Server returned HTTP response code: 401 for URL: https://ibm-vm:21319/rest/bpm/wle/v1/process/2278/actions?federationMode=true&dojo.preventCache=1455906510205 
2016/02/19 13:29:30 INFO  - jmeter.protocol.http.sampler.HTTPJavaImpl: Error Response Code: 401, Server sent no Errorpage 
2016/02/19 13:29:30 ERROR - jmeter.protocol.http.sampler.HTTPJavaImpl: readResponse: java.io.IOException: Server returned HTTP response code: 401 for URL: https://ibm-vm:21319/rest/bpm/wle/v1/avatar/image/deadmin?preventCache=1455906510196 
2016/02/19 13:29:30 ERROR - jmeter.protocol.http.sampler.HTTPJavaImpl: Cause: java.io.IOException: Server returned HTTP response code: 401 for URL: https://ibm-vm:21319/rest/bpm/wle/v1/avatar/image/deadmin?preventCache=1455906510196 
2016/02/19 13:29:30 INFO  - jmeter.protocol.http.sampler.HTTPJavaImpl: Error Response Code: 401, Server sent no Errorpage 
2016/02/19 13:29:30 ERROR - jmeter.protocol.http.sampler.HTTPJavaImpl: readResponse: java.io.IOException: Server returned HTTP response code: 401 for URL: https://ibm-vm:21319/rest/bpm/wle/v1/systems 
2016/02/19 13:29:30 ERROR - jmeter.protocol.http.sampler.HTTPJavaImpl: Cause: java.io.IOException: Server returned HTTP response code: 401 for URL: https://ibm-vm:21319/rest/bpm/wle/v1/systems 
2016/02/19 13:29:30 INFO  - jmeter.protocol.http.sampler.HTTPJavaImpl: Error Response Code: 401, Server sent no Errorpage 
2016/02/19 13:29:30 ERROR - jmeter.protocol.http.sampler.HTTPJavaImpl: readResponse: java.io.IOException: Server returned HTTP response code: 401 for URL: https://ibm-vm:21319/rest/bpm/wle/v1/user/current?parts=all 
2016/02/19 13:29:30 ERROR - jmeter.protocol.http.sampler.HTTPJavaImpl: Cause: java.io.IOException: Server returned HTTP response code: 401 for URL: https://ibm-vm:21319/rest/bpm/wle/v1/user/current?parts=all 
2016/02/19 13:29:30 INFO  - jmeter.protocol.http.sampler.HTTPJavaImpl: Error Response Code: 401, Server sent no Errorpage 
2016/02/19 13:29:30 ERROR - jmeter.protocol.http.sampler.HTTPJavaImpl: readResponse: java.io.IOException: Server returned HTTP response code: 401 for URL: https://ibm-vm:21319/bpm/notification/roster/task/58?dojo.preventCache=1455906511346 
2016/02/19 13:29:30 ERROR - jmeter.protocol.http.sampler.HTTPJavaImpl: Cause: java.io.IOException: Server returned HTTP response code: 401 for URL: https://ibm-vm:21319/bpm/notification/roster/task/58?dojo.preventCache=1455906511346 
2016/02/19 13:29:30 INFO  - jmeter.protocol.http.sampler.HTTPJavaImpl: Error Response Code: 401, Server sent no Errorpage 
2016/02/19 13:29:30 ERROR - jmeter.protocol.http.sampler.HTTPJavaImpl: readResponse: java.io.IOException: Server returned HTTP response code: 401 for URL: https://ibm-vm:21319/bpm/notification/cometd/ 
2016/02/19 13:29:30 ERROR - jmeter.protocol.http.sampler.HTTPJavaImpl: Cause: java.io.IOException: Server returned HTTP response code: 401 for URL: https://ibm-vm:21319/bpm/notification/cometd/ 
2016/02/19 13:29:30 INFO  - jmeter.protocol.http.sampler.HTTPJavaImpl: Error Response Code: 401, Server sent no Errorpage 
2016/02/19 13:29:30 ERROR - jmeter.protocol.http.sampler.HTTPJavaImpl: readResponse: java.io.IOException: Server returned HTTP response code: 401 for URL: https://ibm-vm:21319/rest/bpm/wle/v1/process/2278/actions?federationMode=true&dojo.preventCache=1455906511535 
2016/02/19 13:29:30 ERROR - jmeter.protocol.http.sampler.HTTPJavaImpl: Cause: java.io.IOException: Server returned HTTP response code: 401 for URL: https://ibm-vm:21319/rest/bpm/wle/v1/process/2278/actions?federationMode=true&dojo.preventCache=1455906511535 
2016/02/19 13:29:30 INFO  - jmeter.protocol.http.sampler.HTTPJavaImpl: Error Response Code: 401, Server sent no Errorpage 
2016/02/19 13:29:30 ERROR - jmeter.protocol.http.sampler.HTTPJavaImpl: readResponse: java.io.IOException: Server returned HTTP response code: 401 for URL: https://ibm-vm:21319/rest/bpm/wle/v1/social/instance/2278/following?federationMode=true&dojo.preventCache=1455906511589 
2016/02/19 13:29:30 ERROR - jmeter.protocol.http.sampler.HTTPJavaImpl: Cause: java.io.IOException: Server returned HTTP response code: 401 for URL: https://ibm-vm:21319/rest/bpm/wle/v1/social/instance/2278/following?federationMode=true&dojo.preventCache=1455906511589 
2016/02/19 13:29:30 INFO  - jmeter.protocol.http.sampler.HTTPJavaImpl: Error Response Code: 401, Server sent no Errorpage 
2016/02/19 13:29:30 ERROR - jmeter.protocol.http.sampler.HTTPJavaImpl: readResponse: java.io.IOException: Server returned HTTP response code: 401 for URL: https://ibm-vm:21319/bpm/notification/cometd/ 
2016/02/19 13:29:30 ERROR - jmeter.protocol.http.sampler.HTTPJavaImpl: Cause: java.io.IOException: Server returned HTTP response code: 401 for URL: https://ibm-vm:21319/bpm/notification/cometd/ 
2016/02/19 13:29:30 INFO  - jmeter.protocol.http.sampler.HTTPJavaImpl: Error Response Code: 401, Server sent no Errorpage 
2016/02/19 13:29:30 ERROR - jmeter.protocol.http.sampler.HTTPJavaImpl: readResponse: java.io.IOException: Server returned HTTP response code: 401 for URL: https://ibm-vm:21319/bpm/notification/cometd/ 
2016/02/19 13:29:30 ERROR - jmeter.protocol.http.sampler.HTTPJavaImpl: Cause: java.io.IOException: Server returned HTTP response code: 401 for URL: https://ibm-vm:21319/bpm/notification/cometd/ 
2016/02/19 13:29:30 INFO  - jmeter.protocol.http.sampler.HTTPJavaImpl: Error Response Code: 401, Server sent no Errorpage 
2016/02/19 13:29:30 ERROR - jmeter.protocol.http.sampler.HTTPJavaImpl: readResponse: java.io.IOException: Server returned HTTP response code: 401 for URL: https://ibm-vm:21319/rest/bpm/wle/v1/service/1.1e15d266-cda0-4690-92e6-d0ca9975dd9c 
2016/02/19 13:29:30 ERROR - jmeter.protocol.http.sampler.HTTPJavaImpl: Cause: java.io.IOException: Server returned HTTP response code: 401 for URL: https://ibm-vm:21319/rest/bpm/wle/v1/service/1.1e15d266-cda0-4690-92e6-d0ca9975dd9c 
2016/02/19 13:29:30 INFO  - jmeter.protocol.http.sampler.HTTPJavaImpl: Error Response Code: 401, Server sent no Errorpage 
2016/02/19 13:29:30 ERROR - jmeter.protocol.http.sampler.HTTPJavaImpl: readResponse: java.io.IOException: Server returned HTTP response code: 401 for URL: https://ibm-vm:21319/rest/bpm/wle/v1/service/1.928ea8b9-f684-49bc-bcc7-5961cac94897 
2016/02/19 13:29:30 ERROR - jmeter.protocol.http.sampler.HTTPJavaImpl: Cause: java.io.IOException: Server returned HTTP response code: 401 for URL: https://ibm-vm:21319/rest/bpm/wle/v1/service/1.928ea8b9-f684-49bc-bcc7-5961cac94897 
2016/02/19 13:29:30 INFO  - jmeter.protocol.http.sampler.HTTPJavaImpl: Error Response Code: 401, Server sent no Errorpage 
2016/02/19 13:29:30 ERROR - jmeter.protocol.http.sampler.HTTPJavaImpl: readResponse: java.io.IOException: Server returned HTTP response code: 401 for URL: https://ibm-vm:21319/rest/bpm/wle/v1/service/1.e39e96a9-01e5-4610-b3e1-1d5f52c36355 
2016/02/19 13:29:30 ERROR - jmeter.protocol.http.sampler.HTTPJavaImpl: Cause: java.io.IOException: Server returned HTTP response code: 401 for URL: https://ibm-vm:21319/rest/bpm/wle/v1/service/1.e39e96a9-01e5-4610-b3e1-1d5f52c36355 
2016/02/19 13:29:30 INFO  - jmeter.protocol.http.sampler.HTTPJavaImpl: Error Response Code: 401, Server sent no Errorpage 
2016/02/19 13:29:30 ERROR - jmeter.protocol.http.sampler.HTTPJavaImpl: readResponse: java.io.IOException: Server returned HTTP response code: 401 for URL: https://ibm-vm:21319/rest/bpm/wle/v1/service/1.9c921066-1cc9-49a6-a5f4-ba572a330eca 
2016/02/19 13:29:30 ERROR - jmeter.protocol.http.sampler.HTTPJavaImpl: Cause: java.io.IOException: Server returned HTTP response code: 401 for URL: https://ibm-vm:21319/rest/bpm/wle/v1/service/1.9c921066-1cc9-49a6-a5f4-ba572a330eca 
2016/02/19 13:29:30 INFO  - jmeter.protocol.http.sampler.HTTPJavaImpl: Error Response Code: 401, Server sent no Errorpage 
2016/02/19 13:29:30 ERROR - jmeter.protocol.http.sampler.HTTPJavaImpl: readResponse: java.io.IOException: Server returned HTTP response code: 401 for URL: https://ibm-vm:21319/bpm/notification/cometd/ 
2016/02/19 13:29:30 ERROR - jmeter.protocol.http.sampler.HTTPJavaImpl: Cause: java.io.IOException: Server returned HTTP response code: 401 for URL: https://ibm-vm:21319/bpm/notification/cometd/ 
2016/02/19 13:29:30 INFO  - jmeter.protocol.http.sampler.HTTPJavaImpl: Error Response Code: 401, Server sent no Errorpage 
2016/02/19 13:29:30 ERROR - jmeter.protocol.http.sampler.HTTPJavaImpl: readResponse: java.io.IOException: Server returned HTTP response code: 401 for URL: https://ibm-vm:21319/bpm/notification/cometd/ 
2016/02/19 13:29:30 ERROR - jmeter.protocol.http.sampler.HTTPJavaImpl: Cause: java.io.IOException: Server returned HTTP response code: 401 for URL: https://ibm-vm:21319/bpm/notification/cometd/ 
2016/02/19 13:29:30 INFO  - jmeter.protocol.http.sampler.HTTPJavaImpl: Error Response Code: 401, Server sent no Errorpage 
2016/02/19 13:29:30 ERROR - jmeter.protocol.http.sampler.HTTPJavaImpl: readResponse: java.io.IOException: Server returned HTTP response code: 401 for URL: https://ibm-vm:21319/bpm/notification/cometd/ 
2016/02/19 13:29:30 ERROR - jmeter.protocol.http.sampler.HTTPJavaImpl: Cause: java.io.IOException: Server returned HTTP response code: 401 for URL: https://ibm-vm:21319/bpm/notification/cometd/ 
2016/02/19 13:29:30 INFO  - jmeter.protocol.http.sampler.HTTPJavaImpl: Error Response Code: 401, Server sent no Errorpage 
2016/02/19 13:29:30 ERROR - jmeter.protocol.http.sampler.HTTPJavaImpl: readResponse: java.io.IOException: Server returned HTTP response code: 401 for URL: https://ibm-vm:21319/bpm/notification/cometd/ 
2016/02/19 13:29:30 ERROR - jmeter.protocol.http.sampler.HTTPJavaImpl: Cause: java.io.IOException: Server returned HTTP response code: 401 for URL: https://ibm-vm:21319/bpm/notification/cometd/ 
2016/02/19 13:29:30 INFO  - jmeter.protocol.http.sampler.HTTPJavaImpl: Error Response Code: 401, Server sent no Errorpage 
2016/02/19 13:29:30 ERROR - jmeter.protocol.http.sampler.HTTPJavaImpl: readResponse: java.io.IOException: Server returned HTTP response code: 401 for URL: https://ibm-vm:21319/rest/bpm/wle/v1/systems 
2016/02/19 13:29:30 ERROR - jmeter.protocol.http.sampler.HTTPJavaImpl: Cause: java.io.IOException: Server returned HTTP response code: 401 for URL: https://ibm-vm:21319/rest/bpm/wle/v1/systems 
2016/02/19 13:29:30 INFO  - jmeter.protocol.http.sampler.HTTPJavaImpl: Error Response Code: 401, Server sent no Errorpage 
2016/02/19 13:29:30 ERROR - jmeter.protocol.http.sampler.HTTPJavaImpl: readResponse: java.io.IOException: Server returned HTTP response code: 401 for URL: https://ibm-vm:21319/rest/bpm/wle/v1/user/current?parts=all 
2016/02/19 13:29:30 ERROR - jmeter.protocol.http.sampler.HTTPJavaImpl: Cause: java.io.IOException: Server returned HTTP response code: 401 for URL: https://ibm-vm:21319/rest/bpm/wle/v1/user/current?parts=all 
2016/02/19 13:29:30 INFO  - jmeter.protocol.http.sampler.HTTPJavaImpl: Error Response Code: 401, Server sent no Errorpage 
2016/02/19 13:29:30 ERROR - jmeter.protocol.http.sampler.HTTPJavaImpl: readResponse: java.io.IOException: Server returned HTTP response code: 401 for URL: https://ibm-vm:21319/bpm/notification/roster/task/58?dojo.preventCache=1455906525947 
2016/02/19 13:29:30 ERROR - jmeter.protocol.http.sampler.HTTPJavaImpl: Cause: java.io.IOException: Server returned HTTP response code: 401 for URL: https://ibm-vm:21319/bpm/notification/roster/task/58?dojo.preventCache=1455906525947 
2016/02/19 13:29:30 INFO  - jmeter.protocol.http.sampler.HTTPJavaImpl: Error Response Code: 401, Server sent no Errorpage 
2016/02/19 13:29:30 ERROR - jmeter.protocol.http.sampler.HTTPJavaImpl: readResponse: java.io.IOException: Server returned HTTP response code: 401 for URL: https://ibm-vm:21319/rest/bpm/wle/v1/service/1.9c921066-1cc9-49a6-a5f4-ba572a330eca 
2016/02/19 13:29:30 ERROR - jmeter.protocol.http.sampler.HTTPJavaImpl: Cause: java.io.IOException: Server returned HTTP response code: 401 for URL: https://ibm-vm:21319/rest/bpm/wle/v1/service/1.9c921066-1cc9-49a6-a5f4-ba572a330eca 
2016/02/19 13:29:30 INFO  - jmeter.protocol.http.sampler.HTTPJavaImpl: Error Response Code: 401, Server sent no Errorpage 
2016/02/19 13:29:30 ERROR - jmeter.protocol.http.sampler.HTTPJavaImpl: readResponse: java.io.IOException: Server returned HTTP response code: 401 for URL: https://ibm-vm:21319/rest/bpm/wle/v1/service/1.1e15d266-cda0-4690-92e6-d0ca9975dd9c 
2016/02/19 13:29:30 ERROR - jmeter.protocol.http.sampler.HTTPJavaImpl: Cause: java.io.IOException: Server returned HTTP response code: 401 for URL: https://ibm-vm:21319/rest/bpm/wle/v1/service/1.1e15d266-cda0-4690-92e6-d0ca9975dd9c 
2016/02/19 13:29:30 INFO  - jmeter.protocol.http.sampler.HTTPJavaImpl: Error Response Code: 401, Server sent no Errorpage 
2016/02/19 13:29:30 ERROR - jmeter.protocol.http.sampler.HTTPJavaImpl: readResponse: java.io.IOException: Server returned HTTP response code: 401 for URL: https://ibm-vm:21319/bpm/notification/cometd/ 
2016/02/19 13:29:30 ERROR - jmeter.protocol.http.sampler.HTTPJavaImpl: Cause: java.io.IOException: Server returned HTTP response code: 401 for URL: https://ibm-vm:21319/bpm/notification/cometd/ 
2016/02/19 13:29:30 INFO  - jmeter.protocol.http.sampler.HTTPJavaImpl: Error Response Code: 401, Server sent no Errorpage 
2016/02/19 13:29:30 ERROR - jmeter.protocol.http.sampler.HTTPJavaImpl: readResponse: java.io.IOException: Server returned HTTP response code: 401 for URL: https://ibm-vm:21319/rest/bpm/wle/v1/service/1.e39e96a9-01e5-4610-b3e1-1d5f52c36355 
2016/02/19 13:29:30 ERROR - jmeter.protocol.http.sampler.HTTPJavaImpl: Cause: java.io.IOException: Server returned HTTP response code: 401 for URL: https://ibm-vm:21319/rest/bpm/wle/v1/service/1.e39e96a9-01e5-4610-b3e1-1d5f52c36355 
2016/02/19 13:29:30 INFO  - jmeter.protocol.http.sampler.HTTPJavaImpl: Error Response Code: 401, Server sent no Errorpage 
2016/02/19 13:29:30 ERROR - jmeter.protocol.http.sampler.HTTPJavaImpl: readResponse: java.io.IOException: Server returned HTTP response code: 401 for URL: https://ibm-vm:21319/bpm/notification/cometd/ 
2016/02/19 13:29:30 ERROR - jmeter.protocol.http.sampler.HTTPJavaImpl: Cause: java.io.IOException: Server returned HTTP response code: 401 for URL: https://ibm-vm:21319/bpm/notification/cometd/ 
2016/02/19 13:29:30 INFO  - jmeter.protocol.http.sampler.HTTPJavaImpl: Error Response Code: 401, Server sent no Errorpage 
2016/02/19 13:29:30 ERROR - jmeter.protocol.http.sampler.HTTPJavaImpl: readResponse: java.io.IOException: Server returned HTTP response code: 401 for URL: https://ibm-vm:21319/rest/bpm/wle/v1/service/1.928ea8b9-f684-49bc-bcc7-5961cac94897 
2016/02/19 13:29:30 ERROR - jmeter.protocol.http.sampler.HTTPJavaImpl: Cause: java.io.IOException: Server returned HTTP response code: 401 for URL: https://ibm-vm:21319/rest/bpm/wle/v1/service/1.928ea8b9-f684-49bc-bcc7-5961cac94897 
2016/02/19 13:29:30 INFO  - jmeter.protocol.http.sampler.HTTPJavaImpl: Error Response Code: 401, Server sent no Errorpage 
2016/02/19 13:29:30 ERROR - jmeter.protocol.http.sampler.HTTPJavaImpl: readResponse: java.io.IOException: Server returned HTTP response code: 401 for URL: https://ibm-vm:21319/bpm/notification/cometd/ 
2016/02/19 13:29:30 ERROR - jmeter.protocol.http.sampler.HTTPJavaImpl: Cause: java.io.IOException: Server returned HTTP response code: 401 for URL: https://ibm-vm:21319/bpm/notification/cometd/ 
2016/02/19 13:29:30 INFO  - jmeter.protocol.http.sampler.HTTPJavaImpl: Error Response Code: 401, Server sent no Errorpage 
2016/02/19 13:29:30 ERROR - jmeter.protocol.http.sampler.HTTPJavaImpl: readResponse: java.io.IOException: Server returned HTTP response code: 401 for URL: https://ibm-vm:21319/bpm/notification/cometd/ 
2016/02/19 13:29:30 ERROR - jmeter.protocol.http.sampler.HTTPJavaImpl: Cause: java.io.IOException: Server returned HTTP response code: 401 for URL: https://ibm-vm:21319/bpm/notification/cometd/ 
2016/02/19 13:29:30 INFO  - jmeter.protocol.http.sampler.HTTPJavaImpl: Error Response Code: 401, Server sent no Errorpage 
2016/02/19 13:29:30 ERROR - jmeter.protocol.http.sampler.HTTPJavaImpl: readResponse: java.io.IOException: Server returned HTTP response code: 401 for URL: https://ibm-vm:21319/bpm/notification/cometd/ 
2016/02/19 13:29:30 ERROR - jmeter.protocol.http.sampler.HTTPJavaImpl: Cause: java.io.IOException: Server returned HTTP response code: 401 for URL: https://ibm-vm:21319/bpm/notification/cometd/ 
2016/02/19 13:29:30 INFO  - jmeter.protocol.http.sampler.HTTPJavaImpl: Error Response Code: 401, Server sent no Errorpage 
2016/02/19 13:29:30 ERROR - jmeter.protocol.http.sampler.HTTPJavaImpl: readResponse: java.io.IOException: Server returned HTTP response code: 401 for URL: https://ibm-vm:21319/bpm/notification/cometd/connect 
2016/02/19 13:29:30 ERROR - jmeter.protocol.http.sampler.HTTPJavaImpl: Cause: java.io.IOException: Server returned HTTP response code: 401 for URL: https://ibm-vm:21319/bpm/notification/cometd/connect 
2016/02/19 13:29:30 INFO  - jmeter.protocol.http.sampler.HTTPJavaImpl: Error Response Code: 401, Server sent no Errorpage 
2016/02/19 13:29:30 ERROR - jmeter.protocol.http.sampler.HTTPJavaImpl: readResponse: java.io.IOException: Server returned HTTP response code: 401 for URL: https://ibm-vm:21319/bpm/notification/cometd/ 
2016/02/19 13:29:30 ERROR - jmeter.protocol.http.sampler.HTTPJavaImpl: Cause: java.io.IOException: Server returned HTTP response code: 401 for URL: https://ibm-vm:21319/bpm/notification/cometd/ 
2016/02/19 13:29:30 INFO  - jmeter.protocol.http.sampler.HTTPJavaImpl: Error Response Code: 401, Server sent no Errorpage 
2016/02/19 13:29:30 ERROR - jmeter.protocol.http.sampler.HTTPJavaImpl: readResponse: java.io.IOException: Server returned HTTP response code: 401 for URL: https://ibm-vm:21319/bpm/notification/cometd/ 
2016/02/19 13:29:30 ERROR - jmeter.protocol.http.sampler.HTTPJavaImpl: Cause: java.io.IOException: Server returned HTTP response code: 401 for URL: https://ibm-vm:21319/bpm/notification/cometd/ 
2016/02/19 13:29:30 INFO  - jmeter.protocol.http.sampler.HTTPJavaImpl: Error Response Code: 401, Server sent no Errorpage 
2016/02/19 13:29:30 ERROR - jmeter.protocol.http.sampler.HTTPJavaImpl: readResponse: java.io.IOException: Server returned HTTP response code: 401 for URL: https://ibm-vm:21319/mum/mycontenthandler/mm/dav/filestore/public/themes/processPortalTheme/img/favicon.ico 
2016/02/19 13:29:30 ERROR - jmeter.protocol.http.sampler.HTTPJavaImpl: Cause: java.io.IOException: Server returned HTTP response code: 401 for URL: https://ibm-vm:21319/mum/mycontenthandler/mm/dav/filestore/public/themes/processPortalTheme/img/favicon.ico 
2016/02/19 13:29:30 INFO  - jmeter.protocol.http.sampler.HTTPJavaImpl: Error Response Code: 401, Server sent no Errorpage 
2016/02/19 13:29:30 ERROR - jmeter.protocol.http.sampler.HTTPJavaImpl: readResponse: java.io.IOException: Server returned HTTP response code: 401 for URL: https://ibm-vm:21319/mum/mycontenthandler/mm/dav/filestore/public/themes/processPortalTheme/img/favicon.ico 
2016/02/19 13:29:30 ERROR - jmeter.protocol.http.sampler.HTTPJavaImpl: Cause: java.io.IOException: Server returned HTTP response code: 401 for URL: https://ibm-vm:21319/mum/mycontenthandler/mm/dav/filestore/public/themes/processPortalTheme/img/favicon.ico 
2016/02/19 13:29:30 INFO  - jmeter.protocol.http.sampler.HTTPJavaImpl: Error Response Code: 401, Server sent no Errorpage 
2016/02/19 13:29:30 ERROR - jmeter.protocol.http.sampler.HTTPJavaImpl: readResponse: java.io.IOException: Server returned HTTP response code: 401 for URL: https://ibm-vm:21319/rest/bpm/wle/v1/tasks/query/IBM.DEFAULTALLTASKSLIST_75?selectedAttributes=TAD_DISPLAY_NAME%2CPRIORITY%2CDUE%2CPI_DISPLAY_NAME%2CASSIGNED_TO_ROLE_DISPLAY_NAME%2CNAME%2CPI_PIID%2CPI_NAME%2COWNER%2CSTATE%2CIS_AT_RISK%2CTKIID&interactionFilter=ASSESS_AND_WORK_ON&size=26&sortAttributes=IS_AT_RISK%20DESC%2CDUE%20ASC%2CTKIID%20ASC&federationMode=true&dojo.preventCache=1455906527591 
2016/02/19 13:29:30 ERROR - jmeter.protocol.http.sampler.HTTPJavaImpl: Cause: java.io.IOException: Server returned HTTP response code: 401 for URL: https://ibm-vm:21319/rest/bpm/wle/v1/tasks/query/IBM.DEFAULTALLTASKSLIST_75?selectedAttributes=TAD_DISPLAY_NAME%2CPRIORITY%2CDUE%2CPI_DISPLAY_NAME%2CASSIGNED_TO_ROLE_DISPLAY_NAME%2CNAME%2CPI_PIID%2CPI_NAME%2COWNER%2CSTATE%2CIS_AT_RISK%2CTKIID&interactionFilter=ASSESS_AND_WORK_ON&size=26&sortAttributes=IS_AT_RISK%20DESC%2CDUE%20ASC%2CTKIID%20ASC&federationMode=true&dojo.preventCache=1455906527591 
2016/02/19 13:29:30 INFO  - jmeter.protocol.http.sampler.HTTPJavaImpl: Error Response Code: 401, Server sent no Errorpage 
2016/02/19 13:29:30 ERROR - jmeter.protocol.http.sampler.HTTPJavaImpl: readResponse: java.io.IOException: Server returned HTTP response code: 401 for URL: https://ibm-vm:21319/bpm/notification/cometd/connect 
2016/02/19 13:29:30 ERROR - jmeter.protocol.http.sampler.HTTPJavaImpl: Cause: java.io.IOException: Server returned HTTP response code: 401 for URL: https://ibm-vm:21319/bpm/notification/cometd/connect 
2016/02/19 13:29:30 INFO  - jmeter.protocol.http.sampler.HTTPJavaImpl: Error Response Code: 401, Server sent no Errorpage 
2016/02/19 13:29:30 ERROR - jmeter.protocol.http.sampler.HTTPJavaImpl: readResponse: java.io.IOException: Server returned HTTP response code: 401 for URL: https://ibm-vm:21319/bpm/notification/cometd/connect 
2016/02/19 13:29:30 ERROR - jmeter.protocol.http.sampler.HTTPJavaImpl: Cause: java.io.IOException: Server returned HTTP response code: 401 for URL: https://ibm-vm:21319/bpm/notification/cometd/connect 
2016/02/19 13:29:30 INFO  - jmeter.protocol.http.sampler.HTTPJavaImpl: Error Response Code: 401, Server sent no Errorpage 
2016/02/19 13:29:30 ERROR - jmeter.protocol.http.sampler.HTTPJavaImpl: readResponse: java.io.IOException: Server returned HTTP response code: 401 for URL: https://ibm-vm:21319/rest/bpm/wle/v1/task/actions?taskIDs=3%2C4%2C5%2C6%2C7%2C8%2C9%2C53%2C54%2C56%2C57%2C59&actions=ACTION_CLAIM,ACTION_COMPLETE,ACTION_CANCELCLAIM,ACTION_REASSIGNTOUSER,ACTION_REASSIGNTOGROUP,ACTION_UPDATEPRIORITY,ACTION_UPDATEDUEDATE,ACTION_ADDCOMMENT&federationMode=true&dojo.preventCache=1455906527860 
2016/02/19 13:29:30 ERROR - jmeter.protocol.http.sampler.HTTPJavaImpl: Cause: java.io.IOException: Server returned HTTP response code: 401 for URL: https://ibm-vm:21319/rest/bpm/wle/v1/task/actions?taskIDs=3%2C4%2C5%2C6%2C7%2C8%2C9%2C53%2C54%2C56%2C57%2C59&actions=ACTION_CLAIM,ACTION_COMPLETE,ACTION_CANCELCLAIM,ACTION_REASSIGNTOUSER,ACTION_REASSIGNTOGROUP,ACTION_UPDATEPRIORITY,ACTION_UPDATEDUEDATE,ACTION_ADDCOMMENT&federationMode=true&dojo.preventCache=1455906527860 
2016/02/19 13:29:30 INFO  - jmeter.protocol.http.sampler.HTTPJavaImpl: Error Response Code: 401, Server sent no Errorpage 
2016/02/19 13:29:30 ERROR - jmeter.protocol.http.sampler.HTTPJavaImpl: readResponse: java.io.IOException: Server returned HTTP response code: 401 for URL: https://ibm-vm:21319/bpm/notification/cometd/ 
2016/02/19 13:29:30 ERROR - jmeter.protocol.http.sampler.HTTPJavaImpl: Cause: java.io.IOException: Server returned HTTP response code: 401 for URL: https://ibm-vm:21319/bpm/notification/cometd/ 
2016/02/19 13:29:30 INFO  - jmeter.protocol.http.sampler.HTTPJavaImpl: Error Response Code: 401, Server sent no Errorpage 
2016/02/19 13:29:30 ERROR - jmeter.protocol.http.sampler.HTTPJavaImpl: readResponse: java.io.IOException: Server returned HTTP response code: 401 for URL: https://ibm-vm:21319/bpm/notification/cometd/connect 
2016/02/19 13:29:30 ERROR - jmeter.protocol.http.sampler.HTTPJavaImpl: Cause: java.io.IOException: Server returned HTTP response code: 401 for URL: https://ibm-vm:21319/bpm/notification/cometd/connect 
2016/02/19 13:29:30 INFO  - jmeter.protocol.http.sampler.HTTPJavaImpl: Error Response Code: 401, Server sent no Errorpage 
2016/02/19 13:29:30 ERROR - jmeter.protocol.http.sampler.HTTPJavaImpl: readResponse: java.io.IOException: Server returned HTTP response code: 401 for URL: https://ibm-vm:21319/bpm/notification/cometd/disconnect 
2016/02/19 13:29:30 ERROR - jmeter.protocol.http.sampler.HTTPJavaImpl: Cause: java.io.IOException: Server returned HTTP response code: 401 for URL: https://ibm-vm:21319/bpm/notification/cometd/disconnect 
2016/02/19 13:29:30 INFO  - jmeter.protocol.http.sampler.HTTPJavaImpl: Error Response Code: 401, Server sent no Errorpage 
2016/02/19 13:29:30 INFO  - jmeter.threads.JMeterThread: Thread is done: Thread Group Recorder 1-1 
2016/02/19 13:29:30 INFO  - jmeter.threads.JMeterThread: Thread finished: Thread Group Recorder 1-1 
2016/02/19 13:29:30 INFO  - jmeter.engine.StandardJMeterEngine: Notifying test listeners of end of test 
2016/02/19 13:29:30 INFO  - jmeter.gui.util.JMeterMenuBar: setRunning(false,*local*) 
2016/02/19 13:31:39 INFO  - jmeter.protocol.http.proxy.ProxyControl: Valid alias found for :root_ca: 
2016/02/19 13:31:39 INFO  - jmeter.protocol.http.proxy.ProxyControl: Valid alias found for :intermediate_ca: 
2016/02/19 13:31:39 INFO  - jmeter.protocol.http.proxy.Daemon: Creating Daemon Socket on port: 8080 
2016/02/19 13:31:39 INFO  - jmeter.protocol.http.proxy.Daemon: Test Script Recorder up and running! 
2016/02/19 13:31:48 WARN  - jmeter.protocol.http.proxy.Proxy: [54840] Problem with SSL certificate for 'ibm-vm'? Ensure browser is set to accept the JMeter proxy cert: Software caused connection abort: socket write error 
2016/02/19 13:32:09 INFO  - jmeter.protocol.http.proxy.Daemon: HTTP(S) Test Script Recorder stopped 
2016/02/19 13:32:15 INFO  - jmeter.engine.StandardJMeterEngine: Running the test! 
2016/02/19 13:32:15 INFO  - jmeter.samplers.SampleEvent: List of sample_variables: [] 
2016/02/19 13:32:15 INFO  - jmeter.gui.util.JMeterMenuBar: setRunning(true,*local*) 
2016/02/19 13:32:15 INFO  - jmeter.engine.StandardJMeterEngine: Starting ThreadGroup: 1 : Thread Group Recorder 
2016/02/19 13:32:15 INFO  - jmeter.engine.StandardJMeterEngine: Starting 1 threads for group Thread Group Recorder. 
2016/02/19 13:32:15 INFO  - jmeter.engine.StandardJMeterEngine: Thread will continue on error 
2016/02/19 13:32:15 INFO  - jmeter.threads.ThreadGroup: Starting thread group number 1 threads 1 ramp-up 1 perThread 1000.0 delayedStart=false 
2016/02/19 13:32:15 INFO  - jmeter.threads.ThreadGroup: Started thread group number 1 
2016/02/19 13:32:15 INFO  - jmeter.engine.StandardJMeterEngine: All thread groups have been started 
2016/02/19 13:32:15 INFO  - jmeter.threads.JMeterThread: Thread started: Thread Group Recorder 1-1 
2016/02/19 13:32:18 INFO  - jmeter.threads.JMeterThread: Thread is done: Thread Group Recorder 1-1 
2016/02/19 13:32:18 INFO  - jmeter.threads.JMeterThread: Thread finished: Thread Group Recorder 1-1 
2016/02/19 13:32:18 INFO  - jmeter.engine.StandardJMeterEngine: Notifying test listeners of end of test 
2016/02/19 13:32:18 INFO  - jmeter.gui.util.JMeterMenuBar: setRunning(false,*local*) 
2016/02/19 13:38:13 INFO  - jmeter.engine.StandardJMeterEngine: Running the test! 
2016/02/19 13:38:13 INFO  - jmeter.samplers.SampleEvent: List of sample_variables: [] 
2016/02/19 13:38:13 INFO  - jmeter.gui.util.JMeterMenuBar: setRunning(true,*local*) 
2016/02/19 13:38:13 INFO  - jmeter.engine.StandardJMeterEngine: Starting ThreadGroup: 1 : Thread Group Recorder 
2016/02/19 13:38:13 INFO  - jmeter.engine.StandardJMeterEngine: Starting 1 threads for group Thread Group Recorder. 
2016/02/19 13:38:13 INFO  - jmeter.engine.StandardJMeterEngine: Thread will continue on error 
2016/02/19 13:38:13 INFO  - jmeter.threads.ThreadGroup: Starting thread group number 1 threads 1 ramp-up 1 perThread 1000.0 delayedStart=false 
2016/02/19 13:38:13 INFO  - jmeter.threads.ThreadGroup: Started thread group number 1 
2016/02/19 13:38:13 INFO  - jmeter.engine.StandardJMeterEngine: All thread groups have been started 
2016/02/19 13:38:13 INFO  - jmeter.threads.JMeterThread: Thread started: Thread Group Recorder 1-1 
2016/02/19 13:38:14 INFO  - jmeter.threads.JMeterThread: Thread is done: Thread Group Recorder 1-1 
2016/02/19 13:38:14 INFO  - jmeter.threads.JMeterThread: Thread finished: Thread Group Recorder 1-1 
2016/02/19 13:38:14 INFO  - jmeter.engine.StandardJMeterEngine: Notifying test listeners of end of test 
2016/02/19 13:38:14 INFO  - jmeter.gui.util.JMeterMenuBar: setRunning(false,*local*) 
2016/02/19 13:40:02 INFO  - jmeter.engine.StandardJMeterEngine: Running the test! 
2016/02/19 13:40:02 INFO  - jmeter.samplers.SampleEvent: List of sample_variables: [] 
2016/02/19 13:40:02 INFO  - jmeter.gui.util.JMeterMenuBar: setRunning(true,*local*) 
2016/02/19 13:40:02 INFO  - jmeter.engine.StandardJMeterEngine: Starting ThreadGroup: 1 : Thread Group Recorder 
2016/02/19 13:40:02 INFO  - jmeter.engine.StandardJMeterEngine: Starting 1 threads for group Thread Group Recorder. 
2016/02/19 13:40:02 INFO  - jmeter.engine.StandardJMeterEngine: Thread will continue on error 
2016/02/19 13:40:02 INFO  - jmeter.threads.ThreadGroup: Starting thread group number 1 threads 1 ramp-up 1 perThread 1000.0 delayedStart=false 
2016/02/19 13:40:02 INFO  - jmeter.threads.ThreadGroup: Started thread group number 1 
2016/02/19 13:40:02 INFO  - jmeter.engine.StandardJMeterEngine: All thread groups have been started 
2016/02/19 13:40:02 INFO  - jmeter.threads.JMeterThread: Thread started: Thread Group Recorder 1-1 
2016/02/19 13:40:03 INFO  - jmeter.threads.JMeterThread: Thread is done: Thread Group Recorder 1-1 
2016/02/19 13:40:03 INFO  - jmeter.threads.JMeterThread: Thread finished: Thread Group Recorder 1-1 
2016/02/19 13:40:03 INFO  - jmeter.engine.StandardJMeterEngine: Notifying test listeners of end of test 
2016/02/19 13:40:03 INFO  - jmeter.gui.util.JMeterMenuBar: setRunning(false,*local*) 
2016/02/19 13:43:15 INFO  - jmeter.engine.StandardJMeterEngine: Running the test! 
2016/02/19 13:43:15 INFO  - jmeter.samplers.SampleEvent: List of sample_variables: [] 
2016/02/19 13:43:15 INFO  - jmeter.gui.util.JMeterMenuBar: setRunning(true,*local*) 
2016/02/19 13:43:15 INFO  - jmeter.engine.StandardJMeterEngine: Starting ThreadGroup: 1 : Application Thread 
2016/02/19 13:43:15 INFO  - jmeter.engine.StandardJMeterEngine: Starting 1 threads for group Application Thread. 
2016/02/19 13:43:15 INFO  - jmeter.engine.StandardJMeterEngine: Thread will continue on error 
2016/02/19 13:43:15 INFO  - jmeter.threads.ThreadGroup: Starting thread group number 1 threads 1 ramp-up 30 perThread 30000.0 delayedStart=false 
2016/02/19 13:43:15 INFO  - jmeter.threads.ThreadGroup: Started thread group number 1 
2016/02/19 13:43:15 INFO  - jmeter.engine.StandardJMeterEngine: All thread groups have been started 
2016/02/19 13:43:15 INFO  - jmeter.threads.JMeterThread: Thread started: Application Thread 1-1 
2016/02/19 13:43:18 INFO  - jmeter.extractor.BSFPostProcessor: ================================= Get Exposed Process ================================= 
2016/02/19 13:43:18 INFO  - jmeter.extractor.BSFPostProcessor: Process: service 
2016/02/19 13:43:18 INFO  - jmeter.extractor.BSFPostProcessor: Process: report 
2016/02/19 13:43:18 INFO  - jmeter.extractor.BSFPostProcessor: Process: service 
2016/02/19 13:43:18 INFO  - jmeter.extractor.BSFPostProcessor: Process: service 
2016/02/19 13:43:18 INFO  - jmeter.extractor.BSFPostProcessor: Process: service 
2016/02/19 13:43:18 INFO  - jmeter.extractor.BSFPostProcessor: Process: service 
2016/02/19 13:43:18 INFO  - jmeter.extractor.BSFPostProcessor: Process: process 
2016/02/19 13:43:18 INFO  - jmeter.extractor.BSFPostProcessor: processAppName: Hiring Sample 
2016/02/19 13:43:18 INFO  - jmeter.extractor.BSFPostProcessor: type: process 
2016/02/19 13:43:18 INFO  - jmeter.extractor.BSFPostProcessor: display: Standard HR Open New Position 
2016/02/19 13:43:18 INFO  - jmeter.extractor.BSFPostProcessor: startURL: /rest/bpm/wle/v1/process?action=start&bpdId=25.c904b3b1-afc1-4698-bf5a-a20892c20275&branchId=2063.1a52abd6-b068-4f9e-91a9-ded9793eb34e 
2016/02/19 13:43:18 INFO  - jmeter.extractor.BSFPostProcessor: Found Exposed Process: /rest/bpm/wle/v1/process?action=start&bpdId=25.c904b3b1-afc1-4698-bf5a-a20892c20275&branchId=2063.1a52abd6-b068-4f9e-91a9-ded9793eb34e 
2016/02/19 13:43:18 INFO  - jmeter.extractor.BSFPostProcessor: ======================================================================================= 
2016/02/19 13:43:21 INFO  - jmeter.extractor.BSFPostProcessor: ===================================== Start BPD ===================================== 
2016/02/19 13:43:21 INFO  - jmeter.extractor.BSFPostProcessor: instanceID: 2283 
2016/02/19 13:43:21 INFO  - jmeter.extractor.BSFPostProcessor: ===================================================================================== 
2016/02/19 13:43:25 INFO  - jmeter.extractor.JSR223PostProcessor: ================================= Get Current Task ID ================================= 
2016/02/19 13:43:25 INFO  - jmeter.extractor.JSR223PostProcessor: processState : STATE_RUNNING 
2016/02/19 13:43:25 INFO  - jmeter.extractor.JSR223PostProcessor: state: STATE_RUNNING 
2016/02/19 13:43:25 INFO  - jmeter.extractor.JSR223PostProcessor: taskState: STATE_CLAIMED 
2016/02/19 13:43:25 INFO  - jmeter.extractor.JSR223PostProcessor: taskStatus: Received 
2016/02/19 13:43:25 INFO  - jmeter.extractor.JSR223PostProcessor: taskID : 65 
2016/02/19 13:43:25 INFO  - jmeter.extractor.JSR223PostProcessor: ======================================================================================= 
2016/02/19 13:43:39 INFO  - jmeter.extractor.BSFPostProcessor: =========================== Request Create Requisition Coach =========================== 
2016/02/19 13:43:39 INFO  - jmeter.extractor.BSFPostProcessor: zComponentId: 3028.cbef80a5-95ed-44e0-90bb-d3bdd8609ecf 
2016/02/19 13:43:39 INFO  - jmeter.extractor.BSFPostProcessor: zComponentName: CoachNG 
2016/02/19 13:43:39 INFO  - jmeter.extractor.BSFPostProcessor: zTaskId: t65 
2016/02/19 13:43:39 INFO  - jmeter.extractor.BSFPostProcessor: applicationId: 1 
2016/02/19 13:43:39 INFO  - jmeter.extractor.BSFPostProcessor: applicationInstanceId: null 
2016/02/19 13:43:39 INFO  - jmeter.extractor.BSFPostProcessor: zWorkflowState: 3 
2016/02/19 13:43:39 INFO  - jmeter.extractor.BSFPostProcessor: zDbg: 0 
2016/02/19 13:43:39 INFO  - jmeter.extractor.BSFPostProcessor: boundaryEventEndStateId: 46f6b5eb-ba43-4d9a-b39a-61bdbe9b7ae1 
2016/02/19 13:43:39 INFO  - jmeter.extractor.BSFPostProcessor: boundaryEventId: boundaryEvent_1 
2016/02/19 13:43:39 INFO  - jmeter.extractor.BSFPostProcessor: validateBoundaryEventId: validateBoundaryEvent_1 
2016/02/19 13:43:39 INFO  - jmeter.extractor.BSFPostProcessor: validateBoundaryEventEndStateId: 32dff8d9-d673-4db8-8710-5729b1c32b8c 
2016/02/19 13:43:39 INFO  - jmeter.extractor.BSFPostProcessor: ======================================================================================== 
2016/02/19 13:43:42 INFO  - jmeter.extractor.BSFPostProcessor: ============================ Submit Create Requisition Coach ============================ 
2016/02/19 13:43:42 INFO  - jmeter.extractor.BSFPostProcessor: Parse Coach: [object Object] 
2016/02/19 13:43:42 INFO  - jmeter.extractor.BSFPostProcessor: event: taskStateChanged 
2016/02/19 13:43:42 INFO  - jmeter.extractor.BSFPostProcessor: url: /teamworks/fauxRedirect.lsw?applicationInstanceId=null&zWorkflowState=2&zTaskId=t65&applicationId=1&zComponentName=CoachNG&zComponentId=3028.7336e064-547c-4269-858f-6e8321af5563&zDbg=0 
2016/02/19 13:43:42 INFO  - jmeter.extractor.BSFPostProcessor: ========================================================================================= 
2016/02/19 13:43:47 INFO  - jmeter.extractor.BSFPostProcessor: =========================== Confirm Position Details Coach =========================== 
2016/02/19 13:43:47 INFO  - jmeter.extractor.BSFPostProcessor: zComponentId: 3028.7336e064-547c-4269-858f-6e8321af5563 
2016/02/19 13:43:47 INFO  - jmeter.extractor.BSFPostProcessor: zComponentName: CoachNG 
2016/02/19 13:43:47 INFO  - jmeter.extractor.BSFPostProcessor: zTaskId: t65 
2016/02/19 13:43:47 INFO  - jmeter.extractor.BSFPostProcessor: applicationId: 1 
2016/02/19 13:43:47 INFO  - jmeter.extractor.BSFPostProcessor: applicationInstanceId: null 
2016/02/19 13:43:47 INFO  - jmeter.extractor.BSFPostProcessor: zWorkflowState: 3 
2016/02/19 13:43:47 INFO  - jmeter.extractor.BSFPostProcessor: zDbg: 0 
2016/02/19 13:43:47 INFO  - jmeter.extractor.BSFPostProcessor: boundaryEventEndStateId: 5e50ae2a-aa93-4f05-845a-5c4b33a54ed8 
2016/02/19 13:43:47 INFO  - jmeter.extractor.BSFPostProcessor: boundaryEventId: boundaryEvent_2 
2016/02/19 13:43:47 INFO  - jmeter.extractor.BSFPostProcessor: validateBoundaryEventId: BAD 
2016/02/19 13:43:47 INFO  - jmeter.extractor.BSFPostProcessor: validateBoundaryEventEndStateId: BAD 
2016/02/19 13:43:47 INFO  - jmeter.extractor.BSFPostProcessor: ====================================================================================== 
2016/02/19 13:43:53 INFO  - jmeter.extractor.BSFPostProcessor: Parse Coach: [object Object] 
2016/02/19 13:43:53 INFO  - jmeter.extractor.BSFPostProcessor: event: taskCompleted 
2016/02/19 13:43:53 INFO  - jmeter.extractor.BSFPostProcessor: url: /teamworks/tm_process_finished.lsw?applicationInstanceId=null&applicationId=1 
2016/02/19 13:43:59 INFO  - jmeter.extractor.JSR223PostProcessor: ================================= Get Current Task ID ================================= 
2016/02/19 13:43:59 INFO  - jmeter.extractor.JSR223PostProcessor: processState : STATE_RUNNING 
2016/02/19 13:43:59 INFO  - jmeter.extractor.JSR223PostProcessor: state: STATE_RUNNING 
2016/02/19 13:43:59 INFO  - jmeter.extractor.JSR223PostProcessor: taskState: STATE_FINISHED 
2016/02/19 13:43:59 INFO  - jmeter.extractor.JSR223PostProcessor: taskStatus: Closed 
2016/02/19 13:43:59 INFO  - jmeter.extractor.JSR223PostProcessor: taskState: STATE_READY 
2016/02/19 13:43:59 INFO  - jmeter.extractor.JSR223PostProcessor: taskStatus: Received 
2016/02/19 13:43:59 INFO  - jmeter.extractor.JSR223PostProcessor: taskID : 66 
2016/02/19 13:43:59 INFO  - jmeter.extractor.JSR223PostProcessor: ======================================================================================= 
2016/02/19 13:44:10 INFO  - jmeter.extractor.BSFPostProcessor: =========================== Request Create Requisition Coach =========================== 
2016/02/19 13:44:10 INFO  - jmeter.extractor.BSFPostProcessor: zComponentId: 3028.dcc78ff6-2e54-4209-a049-76d92cef4d4b 
2016/02/19 13:44:10 INFO  - jmeter.extractor.BSFPostProcessor: zComponentName: CoachNG 
2016/02/19 13:44:10 INFO  - jmeter.extractor.BSFPostProcessor: zTaskId: t66 
2016/02/19 13:44:10 INFO  - jmeter.extractor.BSFPostProcessor: applicationId: 1 
2016/02/19 13:44:10 INFO  - jmeter.extractor.BSFPostProcessor: applicationInstanceId: null 
2016/02/19 13:44:10 INFO  - jmeter.extractor.BSFPostProcessor: zWorkflowState: 3 
2016/02/19 13:44:10 INFO  - jmeter.extractor.BSFPostProcessor: zDbg: 0 
2016/02/19 13:44:10 INFO  - jmeter.extractor.BSFPostProcessor: boundaryEventEndStateId: da8f716e-91a8-48b9-a2ea-2bc8bcb14164 
2016/02/19 13:44:10 INFO  - jmeter.extractor.BSFPostProcessor: boundaryEventId: boundaryEvent_1 
2016/02/19 13:44:10 INFO  - jmeter.extractor.BSFPostProcessor: validateBoundaryEventId: BAD 
2016/02/19 13:44:10 INFO  - jmeter.extractor.BSFPostProcessor: validateBoundaryEventEndStateId: BAD 
2016/02/19 13:44:10 INFO  - jmeter.extractor.BSFPostProcessor: ======================================================================================== 
2016/02/19 13:44:14 INFO  - jmeter.extractor.BSFPostProcessor: ============================ Submit Create Requisition Coach ============================ 
2016/02/19 13:44:14 INFO  - jmeter.extractor.BSFPostProcessor: Parse Coach: [object Object] 
2016/02/19 13:44:14 INFO  - jmeter.extractor.BSFPostProcessor: event: taskCompleted 
2016/02/19 13:44:14 INFO  - jmeter.extractor.BSFPostProcessor: url: /teamworks/tm_process_finished.lsw?applicationInstanceId=null&applicationId=1 
2016/02/19 13:44:14 INFO  - jmeter.extractor.BSFPostProcessor: ========================================================================================= 
2016/02/19 13:44:18 INFO  - jmeter.threads.JMeterThread: Thread is done: Application Thread 1-1 
2016/02/19 13:44:18 INFO  - jmeter.threads.JMeterThread: Thread finished: Application Thread 1-1 
2016/02/19 13:44:18 INFO  - jmeter.engine.StandardJMeterEngine: Notifying test listeners of end of test 
2016/02/19 13:44:18 INFO  - jmeter.gui.util.JMeterMenuBar: setRunning(false,*local*) 
2016/02/19 13:46:44 INFO  - jmeter.engine.StandardJMeterEngine: Running the test! 
2016/02/19 13:46:44 INFO  - jmeter.samplers.SampleEvent: List of sample_variables: [] 
2016/02/19 13:46:44 INFO  - jmeter.gui.util.JMeterMenuBar: setRunning(true,*local*) 
2016/02/19 13:46:44 INFO  - jmeter.engine.StandardJMeterEngine: Starting ThreadGroup: 1 : Thread Group Recorder 
2016/02/19 13:46:44 INFO  - jmeter.engine.StandardJMeterEngine: Starting 1 threads for group Thread Group Recorder. 
2016/02/19 13:46:44 INFO  - jmeter.engine.StandardJMeterEngine: Thread will continue on error 
2016/02/19 13:46:44 INFO  - jmeter.threads.ThreadGroup: Starting thread group number 1 threads 1 ramp-up 1 perThread 1000.0 delayedStart=false 
2016/02/19 13:46:44 INFO  - jmeter.threads.ThreadGroup: Started thread group number 1 
2016/02/19 13:46:44 INFO  - jmeter.engine.StandardJMeterEngine: All thread groups have been started 
2016/02/19 13:46:44 INFO  - jmeter.threads.JMeterThread: Thread started: Thread Group Recorder 1-1 
2016/02/19 13:46:45 INFO  - jmeter.threads.JMeterThread: Thread is done: Thread Group Recorder 1-1 
2016/02/19 13:46:45 INFO  - jmeter.threads.JMeterThread: Thread finished: Thread Group Recorder 1-1 
2016/02/19 13:46:45 INFO  - jmeter.engine.StandardJMeterEngine: Notifying test listeners of end of test 
2016/02/19 13:46:45 INFO  - jmeter.gui.util.JMeterMenuBar: setRunning(false,*local*) 
