2015/12/19 20:43:41 INFO  - jmeter.util.JMeterUtils: Setting Locale to en_US 
2015/12/19 20:43:41 INFO  - jmeter.JMeter: Loading user properties from: C:\IBM\apache-jmeter-2.13\bin\user.properties 
2015/12/19 20:43:41 INFO  - jmeter.JMeter: Loading system properties from: C:\IBM\apache-jmeter-2.13\bin\system.properties 
2015/12/19 20:43:41 INFO  - jmeter.JMeter: Setting JMeter property: users=1 
2015/12/19 20:43:41 INFO  - jmeter.JMeter: Setting JMeter property: rampup=30 
2015/12/19 20:43:41 INFO  - jmeter.JMeter: Copyright (c) 1998-2015 The Apache Software Foundation 
2015/12/19 20:43:41 INFO  - jmeter.JMeter: Version 2.13 r1665067 
2015/12/19 20:43:41 INFO  - jmeter.JMeter: java.version=1.8.0_66 
2015/12/19 20:43:41 INFO  - jmeter.JMeter: java.vm.name=Java HotSpot(TM) 64-Bit Server VM 
2015/12/19 20:43:41 INFO  - jmeter.JMeter: os.name=Windows 10 
2015/12/19 20:43:41 INFO  - jmeter.JMeter: os.arch=amd64 
2015/12/19 20:43:41 INFO  - jmeter.JMeter: os.version=10.0 
2015/12/19 20:43:41 INFO  - jmeter.JMeter: file.encoding=Cp1252 
2015/12/19 20:43:41 INFO  - jmeter.JMeter: Default Locale=English (United States) 
2015/12/19 20:43:41 INFO  - jmeter.JMeter: JMeter  Locale=English (United States) 
2015/12/19 20:43:41 INFO  - jmeter.JMeter: JMeterHome=C:\IBM\apache-jmeter-2.13 
2015/12/19 20:43:41 INFO  - jmeter.JMeter: user.dir  =C:\IBM\apache-jmeter-2.13\bin 
2015/12/19 20:43:41 INFO  - jmeter.JMeter: PWD       =C:\IBM\apache-jmeter-2.13\bin 
2015/12/19 20:43:41 INFO  - jmeter.JMeter: IP: 192.168.0.10 Name: plex FullName: bpm75x-vm 
2015/12/19 20:43:42 INFO  - jmeter.gui.action.LookAndFeelCommand: Using look and feel: javax.swing.plaf.metal.MetalLookAndFeel [Metal, CrossPlatform] 
2015/12/19 20:43:42 INFO  - jmeter.JMeter: Loaded icon properties from org/apache/jmeter/images/icon.properties 
2015/12/19 20:43:42 INFO  - jmeter.engine.util.CompoundVariable: Note: Function class names must contain the string: '.functions.' 
2015/12/19 20:43:42 INFO  - jmeter.engine.util.CompoundVariable: Note: Function class names must not contain the string: '.gui.' 
2015/12/19 20:43:43 INFO  - jmeter.JMeter: Loading file: C:\IBM\apache-jmeter-2.13\ibm\testcases\Lombardi_Production_Benchmark-v8.5.0.jmx 
2015/12/19 20:43:43 INFO  - jmeter.services.FileServer: Default base='C:\IBM\apache-jmeter-2.13\bin' 
2015/12/19 20:43:43 INFO  - jmeter.services.FileServer: Set new base='C:\IBM\apache-jmeter-2.13\ibm\testcases' 
2015/12/19 20:43:43 INFO  - jmeter.save.SaveService: Testplan (JMX) version: 2.2. Testlog (JTL) version: 2.2 
2015/12/19 20:43:43 INFO  - jmeter.save.SaveService: Using SaveService properties file encoding UTF-8 
2015/12/19 20:43:43 INFO  - jmeter.save.SaveService: Using SaveService properties file version 1656252 
2015/12/19 20:43:43 INFO  - jmeter.save.SaveService: Using SaveService properties version 2.8 
2015/12/19 20:43:43 INFO  - jmeter.save.SaveService: All converter versions present and correct 
2015/12/19 20:43:43 INFO  - jmeter.save.SaveService: Loading file: C:\IBM\apache-jmeter-2.13\ibm\testcases\Lombardi_Production_Benchmark-v8.5.0.jmx 
2015/12/19 20:43:43 INFO  - jmeter.protocol.http.control.CookieManager: Settings: Delete null: true Check: true Allow variable: true Save: false Prefix: COOKIE_ 
2015/12/19 20:43:43 INFO  - jmeter.protocol.http.sampler.HTTPSamplerBase: Cannot find .className property for htmlParser, using default 
2015/12/19 20:43:43 INFO  - jmeter.protocol.http.sampler.HTTPSamplerBase: Parser for text/html is  
2015/12/19 20:43:43 INFO  - jmeter.protocol.http.sampler.HTTPSamplerBase: Parser for application/xhtml+xml is  
2015/12/19 20:43:43 INFO  - jmeter.protocol.http.sampler.HTTPSamplerBase: Parser for application/xml is  
2015/12/19 20:43:43 INFO  - jmeter.protocol.http.sampler.HTTPSamplerBase: Parser for text/xml is  
2015/12/19 20:43:43 INFO  - jmeter.protocol.http.sampler.HTTPSamplerBase: Parser for text/vnd.wap.wml is org.apache.jmeter.protocol.http.parser.RegexpHTMLParser 
2015/12/19 20:43:43 INFO  - jmeter.util.BSFTestElement: Registering JMeter version of JavaScript engine as work-round for BSF-22 
2015/12/19 20:43:43 INFO  - jmeter.services.FileServer: Set new base='C:\IBM\apache-jmeter-2.13\ibm\testcases' 
2015/12/19 20:43:43 INFO  - jmeter.gui.util.MenuFactory: Skipping kg.apc.jmeter.config.VariablesFromCSVFile 
2015/12/19 20:43:43 INFO  - jmeter.samplers.SampleResult: Note: Sample TimeStamps are START times 
2015/12/19 20:43:43 INFO  - jmeter.samplers.SampleResult: sampleresult.default.encoding is set to ISO-8859-1 
2015/12/19 20:43:43 INFO  - jmeter.samplers.SampleResult: sampleresult.useNanoTime=true 
2015/12/19 20:43:43 INFO  - jmeter.samplers.SampleResult: sampleresult.nanoThreadSleep=5000 
2015/12/19 20:43:44 INFO  - jmeter.gui.util.MenuFactory: Skipping org.apache.jmeter.protocol.http.control.gui.WebServiceSamplerGui 
2015/12/19 20:43:44 INFO  - jmeter.gui.util.MenuFactory: Skipping org.apache.jmeter.protocol.http.modifier.gui.ParamModifierGui 
2015/12/19 20:43:44 INFO  - jorphan.exec.KeyToolUtils: keytool found at 'C:\Program Files\Java\jre1.8.0_66\bin\keytool' 
2015/12/19 20:43:44 INFO  - jmeter.protocol.http.proxy.ProxyControl: HTTP(S) Test Script Recorder SSL Proxy will use keys that support embedded 3rd party resources in file C:\IBM\apache-jmeter-2.13\bin\proxyserver.jks 
2015/12/19 20:43:51 INFO  - jmeter.gui.action.Load: Loading file: C:\IBM\apache-jmeter-2.13\ibm\samples\Lombardi_Production_Benchmark-v8.5.0-record.jmx 
2015/12/19 20:43:51 INFO  - jmeter.services.FileServer: Set new base='C:\IBM\apache-jmeter-2.13\ibm\samples' 
2015/12/19 20:43:51 INFO  - jmeter.save.SaveService: Loading file: C:\IBM\apache-jmeter-2.13\ibm\samples\Lombardi_Production_Benchmark-v8.5.0-record.jmx 
2015/12/19 20:43:52 INFO  - jmeter.services.FileServer: Set new base='C:\IBM\apache-jmeter-2.13\ibm\samples' 
2015/12/19 20:43:55 INFO  - jmeter.gui.action.Load: Loading file: C:\IBM\apache-jmeter-2.13\ibm\samples\OMS_Search_Offenders_v1.0.41.0_v1.5.45-2services.jmx 
2015/12/19 20:43:55 INFO  - jmeter.services.FileServer: Set new base='C:\IBM\apache-jmeter-2.13\ibm\samples' 
2015/12/19 20:43:55 INFO  - jmeter.save.SaveService: Loading file: C:\IBM\apache-jmeter-2.13\ibm\samples\OMS_Search_Offenders_v1.0.41.0_v1.5.45-2services.jmx 
2015/12/19 20:43:55 INFO  - jmeter.services.FileServer: Set new base='C:\IBM\apache-jmeter-2.13\ibm\samples' 
